# dune runtest tests/type
# OCAMLPARAM: unset
# Shared cache: disabled
# Workspace root: /home/quentin/Documents/Annee_2/TDL/projet/sourceEtu
# Auto-detected concurrency: 12
$ /home/quentin/.opam/4.12.0/bin/ocamlc.opt -config > /tmp/dune_09c98f_output
# Dune context:
#  { name = "default"
#  ; kind = "default"
#  ; profile = Dev
#  ; merlin = true
#  ; for_host = None
#  ; fdo_target_exe = None
#  ; build_dir = "default"
#  ; toplevel_path = Some External "/home/quentin/.opam/4.12.0/lib/toplevel"
#  ; ocaml_bin = External "/home/quentin/.opam/4.12.0/bin"
#  ; ocaml = Ok External "/home/quentin/.opam/4.12.0/bin/ocaml"
#  ; ocamlc = External "/home/quentin/.opam/4.12.0/bin/ocamlc.opt"
#  ; ocamlopt = Ok External "/home/quentin/.opam/4.12.0/bin/ocamlopt.opt"
#  ; ocamldep = Ok External "/home/quentin/.opam/4.12.0/bin/ocamldep.opt"
#  ; ocamlmklib = Ok External "/home/quentin/.opam/4.12.0/bin/ocamlmklib.opt"
#  ; env =
#      map
#        { "DUNE_OCAML_HARDCODED" : "/home/quentin/.opam/4.12.0/lib"
#        ; "DUNE_OCAML_STDLIB" : "/home/quentin/.opam/4.12.0/lib/ocaml"
#        ; "DUNE_SOURCEROOT" :
#            "/home/quentin/Documents/Annee_2/TDL/projet/sourceEtu"
#        ; "INSIDE_DUNE" :
#            "/home/quentin/Documents/Annee_2/TDL/projet/sourceEtu/_build/default"
#        ; "OCAMLFIND_IGNORE_DUPS_IN" :
#            "/home/quentin/Documents/Annee_2/TDL/projet/sourceEtu/_build/install/default/lib"
#        ; "OCAMLPATH" :
#            "/home/quentin/Documents/Annee_2/TDL/projet/sourceEtu/_build/install/default/lib"
#        ; "OCAMLTOP_INCLUDE_PATH" :
#            "/home/quentin/Documents/Annee_2/TDL/projet/sourceEtu/_build/install/default/lib/toplevel"
#        ; "OCAML_COLOR" : "always"
#        ; "OPAMCOLOR" : "always"
#        }
#  ; findlib_paths = [ External "/home/quentin/.opam/4.12.0/lib" ]
#  ; arch_sixtyfour = true
#  ; natdynlink_supported = true
#  ; supports_shared_libraries = true
#  ; ocaml_config =
#      { version = "4.12.0"
#      ; standard_library_default = "/home/quentin/.opam/4.12.0/lib/ocaml"
#      ; standard_library = "/home/quentin/.opam/4.12.0/lib/ocaml"
#      ; standard_runtime = "the_standard_runtime_variable_was_deleted"
#      ; ccomp_type = "cc"
#      ; c_compiler = "gcc"
#      ; ocamlc_cflags = [ "-O2"; "-fno-strict-aliasing"; "-fwrapv"; "-fPIC" ]
#      ; ocamlc_cppflags = [ "-D_FILE_OFFSET_BITS=64"; "-D_REENTRANT" ]
#      ; ocamlopt_cflags =
#          [ "-O2"; "-fno-strict-aliasing"; "-fwrapv"; "-fPIC" ]
#      ; ocamlopt_cppflags = [ "-D_FILE_OFFSET_BITS=64"; "-D_REENTRANT" ]
#      ; bytecomp_c_compiler =
#          [ "gcc"
#          ; "-O2"
#          ; "-fno-strict-aliasing"
#          ; "-fwrapv"
#          ; "-fPIC"
#          ; "-D_FILE_OFFSET_BITS=64"
#          ; "-D_REENTRANT"
#          ]
#      ; bytecomp_c_libraries = [ "-lm"; "-ldl"; "-lpthread" ]
#      ; native_c_compiler =
#          [ "gcc"
#          ; "-O2"
#          ; "-fno-strict-aliasing"
#          ; "-fwrapv"
#          ; "-fPIC"
#          ; "-D_FILE_OFFSET_BITS=64"
#          ; "-D_REENTRANT"
#          ]
#      ; native_c_libraries = [ "-lm"; "-ldl" ]
#      ; native_pack_linker = [ "ld"; "-r"; "-o" ]
#      ; cc_profile = []
#      ; architecture = "amd64"
#      ; model = "default"
#      ; int_size = 63
#      ; word_size = 64
#      ; system = "linux"
#      ; asm = [ "as" ]
#      ; asm_cfi_supported = true
#      ; with_frame_pointers = false
#      ; ext_exe = ""
#      ; ext_obj = ".o"
#      ; ext_asm = ".s"
#      ; ext_lib = ".a"
#      ; ext_dll = ".so"
#      ; os_type = "Unix"
#      ; default_executable_name = "a.out"
#      ; systhread_supported = true
#      ; host = "x86_64-pc-linux-gnu"
#      ; target = "x86_64-pc-linux-gnu"
#      ; profiling = false
#      ; flambda = false
#      ; spacetime = false
#      ; safe_string = true
#      ; exec_magic_number = "Caml1999X029"
#      ; cmi_magic_number = "Caml1999I029"
#      ; cmo_magic_number = "Caml1999O029"
#      ; cma_magic_number = "Caml1999A029"
#      ; cmx_magic_number = "Caml1999Y029"
#      ; cmxa_magic_number = "Caml1999Z029"
#      ; ast_impl_magic_number = "Caml1999M029"
#      ; ast_intf_magic_number = "Caml1999N029"
#      ; cmxs_magic_number = "Caml1999D029"
#      ; cmt_magic_number = "Caml1999T029"
#      ; natdynlink_supported = true
#      ; supports_shared_libraries = true
#      ; windows_unicode = false
#      }
#  }
$ (cd _build/default && /home/quentin/.opam/4.12.0/bin/ocamlc.opt -w @1..3@5..28@30..39@43@46..47@49..57@61..62-40 -strict-sequence -strict-formats -short-paths -keep-locs -warn-error -A -w -24 -g -g -bin-annot -I tests/type/.type.inline-tests/.type.inline-tests.eobjs/byte -I /home/quentin/.opam/4.12.0/lib/base -I /home/quentin/.opam/4.12.0/lib/base/base_internalhash_types -I /home/quentin/.opam/4.12.0/lib/base/caml -I /home/quentin/.opam/4.12.0/lib/base/shadow_stdlib -I /home/quentin/.opam/4.12.0/lib/jane-street-headers -I /home/quentin/.opam/4.12.0/lib/ppx_compare/runtime-lib -I /home/quentin/.opam/4.12.0/lib/ppx_enumerate/runtime-lib -I /home/quentin/.opam/4.12.0/lib/ppx_expect/collector -I /home/quentin/.opam/4.12.0/lib/ppx_expect/common -I /home/quentin/.opam/4.12.0/lib/ppx_expect/config -I /home/quentin/.opam/4.12.0/lib/ppx_expect/config_types -I /home/quentin/.opam/4.12.0/lib/ppx_expect/evaluator -I /home/quentin/.opam/4.12.0/lib/ppx_expect/matcher -I /home/quentin/.opam/4.12.0/lib/ppx_hash/runtime-lib -I /home/quentin/.opam/4.12.0/lib/ppx_here/runtime-lib -I /home/quentin/.opam/4.12.0/lib/ppx_inline_test/config -I /home/quentin/.opam/4.12.0/lib/ppx_inline_test/runner/lib -I /home/quentin/.opam/4.12.0/lib/ppx_inline_test/runtime-lib -I /home/quentin/.opam/4.12.0/lib/ppx_sexp_conv/runtime-lib -I /home/quentin/.opam/4.12.0/lib/ppxlib/print_diff -I /home/quentin/.opam/4.12.0/lib/re -I /home/quentin/.opam/4.12.0/lib/seq -I /home/quentin/.opam/4.12.0/lib/sexplib0 -I /home/quentin/.opam/4.12.0/lib/stdio -I /home/quentin/.opam/4.12.0/lib/time_now -I .rat.objs/byte -I tests/type/.type.objs/byte -no-alias-deps -o tests/type/.type.inline-tests/.type.inline-tests.eobjs/byte/dune__exe__Inline_test_runner_type.cmo -c -impl tests/type/.type.inline-tests/inline_test_runner_type.ml-gen)
$ (cd _build/default && /home/quentin/.opam/4.12.0/bin/ocamlc.opt -w @1..3@5..28@30..39@43@46..47@49..57@61..62-40 -strict-sequence -strict-formats -short-paths -keep-locs -warn-error -A -w -24 -g -g -bin-annot -I tests/type/sans_fonction/.sans_fonction_type.inline-tests/.sans_fonction_type.inline-tests.eobjs/byte -I /home/quentin/.opam/4.12.0/lib/base -I /home/quentin/.opam/4.12.0/lib/base/base_internalhash_types -I /home/quentin/.opam/4.12.0/lib/base/caml -I /home/quentin/.opam/4.12.0/lib/base/shadow_stdlib -I /home/quentin/.opam/4.12.0/lib/jane-street-headers -I /home/quentin/.opam/4.12.0/lib/ppx_compare/runtime-lib -I /home/quentin/.opam/4.12.0/lib/ppx_enumerate/runtime-lib -I /home/quentin/.opam/4.12.0/lib/ppx_expect/collector -I /home/quentin/.opam/4.12.0/lib/ppx_expect/common -I /home/quentin/.opam/4.12.0/lib/ppx_expect/config -I /home/quentin/.opam/4.12.0/lib/ppx_expect/config_types -I /home/quentin/.opam/4.12.0/lib/ppx_expect/evaluator -I /home/quentin/.opam/4.12.0/lib/ppx_expect/matcher -I /home/quentin/.opam/4.12.0/lib/ppx_hash/runtime-lib -I /home/quentin/.opam/4.12.0/lib/ppx_here/runtime-lib -I /home/quentin/.opam/4.12.0/lib/ppx_inline_test/config -I /home/quentin/.opam/4.12.0/lib/ppx_inline_test/runner/lib -I /home/quentin/.opam/4.12.0/lib/ppx_inline_test/runtime-lib -I /home/quentin/.opam/4.12.0/lib/ppx_sexp_conv/runtime-lib -I /home/quentin/.opam/4.12.0/lib/ppxlib/print_diff -I /home/quentin/.opam/4.12.0/lib/re -I /home/quentin/.opam/4.12.0/lib/seq -I /home/quentin/.opam/4.12.0/lib/sexplib0 -I /home/quentin/.opam/4.12.0/lib/stdio -I /home/quentin/.opam/4.12.0/lib/time_now -I .rat.objs/byte -I tests/type/sans_fonction/.sans_fonction_type.objs/byte -no-alias-deps -o tests/type/sans_fonction/.sans_fonction_type.inline-tests/.sans_fonction_type.inline-tests.eobjs/byte/dune__exe__Inline_test_runner_sans_fonction_type.cmo -c -impl tests/type/sans_fonction/.sans_fonction_type.inline-tests/inline_test_runner_sans_fonction_type.ml-gen)
$ (cd _build/default && /home/quentin/.opam/4.12.0/bin/ocamlc.opt -w @1..3@5..28@30..39@43@46..47@49..57@61..62-40 -strict-sequence -strict-formats -short-paths -keep-locs -warn-error -A -w -24 -g -g -bin-annot -I tests/type/avec_fonction/.avec_fonction_type.inline-tests/.avec_fonction_type.inline-tests.eobjs/byte -I /home/quentin/.opam/4.12.0/lib/base -I /home/quentin/.opam/4.12.0/lib/base/base_internalhash_types -I /home/quentin/.opam/4.12.0/lib/base/caml -I /home/quentin/.opam/4.12.0/lib/base/shadow_stdlib -I /home/quentin/.opam/4.12.0/lib/jane-street-headers -I /home/quentin/.opam/4.12.0/lib/ppx_compare/runtime-lib -I /home/quentin/.opam/4.12.0/lib/ppx_enumerate/runtime-lib -I /home/quentin/.opam/4.12.0/lib/ppx_expect/collector -I /home/quentin/.opam/4.12.0/lib/ppx_expect/common -I /home/quentin/.opam/4.12.0/lib/ppx_expect/config -I /home/quentin/.opam/4.12.0/lib/ppx_expect/config_types -I /home/quentin/.opam/4.12.0/lib/ppx_expect/evaluator -I /home/quentin/.opam/4.12.0/lib/ppx_expect/matcher -I /home/quentin/.opam/4.12.0/lib/ppx_hash/runtime-lib -I /home/quentin/.opam/4.12.0/lib/ppx_here/runtime-lib -I /home/quentin/.opam/4.12.0/lib/ppx_inline_test/config -I /home/quentin/.opam/4.12.0/lib/ppx_inline_test/runner/lib -I /home/quentin/.opam/4.12.0/lib/ppx_inline_test/runtime-lib -I /home/quentin/.opam/4.12.0/lib/ppx_sexp_conv/runtime-lib -I /home/quentin/.opam/4.12.0/lib/ppxlib/print_diff -I /home/quentin/.opam/4.12.0/lib/re -I /home/quentin/.opam/4.12.0/lib/seq -I /home/quentin/.opam/4.12.0/lib/sexplib0 -I /home/quentin/.opam/4.12.0/lib/stdio -I /home/quentin/.opam/4.12.0/lib/time_now -I .rat.objs/byte -I tests/type/avec_fonction/.avec_fonction_type.objs/byte -no-alias-deps -o tests/type/avec_fonction/.avec_fonction_type.inline-tests/.avec_fonction_type.inline-tests.eobjs/byte/dune__exe__Inline_test_runner_avec_fonction_type.cmo -c -impl tests/type/avec_fonction/.avec_fonction_type.inline-tests/inline_test_runner_avec_fonction_type.ml-gen)
$ (cd _build/default && /home/quentin/.opam/4.12.0/bin/ocamlopt.opt -w @1..3@5..28@30..39@43@46..47@49..57@61..62-40 -strict-sequence -strict-formats -short-paths -keep-locs -warn-error -A -w -24 -g -g -I tests/type/.type.inline-tests/.type.inline-tests.eobjs/byte -I tests/type/.type.inline-tests/.type.inline-tests.eobjs/native -I /home/quentin/.opam/4.12.0/lib/base -I /home/quentin/.opam/4.12.0/lib/base/base_internalhash_types -I /home/quentin/.opam/4.12.0/lib/base/caml -I /home/quentin/.opam/4.12.0/lib/base/shadow_stdlib -I /home/quentin/.opam/4.12.0/lib/jane-street-headers -I /home/quentin/.opam/4.12.0/lib/ppx_compare/runtime-lib -I /home/quentin/.opam/4.12.0/lib/ppx_enumerate/runtime-lib -I /home/quentin/.opam/4.12.0/lib/ppx_expect/collector -I /home/quentin/.opam/4.12.0/lib/ppx_expect/common -I /home/quentin/.opam/4.12.0/lib/ppx_expect/config -I /home/quentin/.opam/4.12.0/lib/ppx_expect/config_types -I /home/quentin/.opam/4.12.0/lib/ppx_expect/evaluator -I /home/quentin/.opam/4.12.0/lib/ppx_expect/matcher -I /home/quentin/.opam/4.12.0/lib/ppx_hash/runtime-lib -I /home/quentin/.opam/4.12.0/lib/ppx_here/runtime-lib -I /home/quentin/.opam/4.12.0/lib/ppx_inline_test/config -I /home/quentin/.opam/4.12.0/lib/ppx_inline_test/runner/lib -I /home/quentin/.opam/4.12.0/lib/ppx_inline_test/runtime-lib -I /home/quentin/.opam/4.12.0/lib/ppx_sexp_conv/runtime-lib -I /home/quentin/.opam/4.12.0/lib/ppxlib/print_diff -I /home/quentin/.opam/4.12.0/lib/re -I /home/quentin/.opam/4.12.0/lib/seq -I /home/quentin/.opam/4.12.0/lib/sexplib0 -I /home/quentin/.opam/4.12.0/lib/stdio -I /home/quentin/.opam/4.12.0/lib/time_now -I .rat.objs/byte -I .rat.objs/native -I tests/type/.type.objs/byte -I tests/type/.type.objs/native -intf-suffix .ml-gen -no-alias-deps -o tests/type/.type.inline-tests/.type.inline-tests.eobjs/native/dune__exe__Inline_test_runner_type.cmx -c -impl tests/type/.type.inline-tests/inline_test_runner_type.ml-gen)
$ (cd _build/default && /home/quentin/.opam/4.12.0/bin/ocamlopt.opt -w @1..3@5..28@30..39@43@46..47@49..57@61..62-40 -strict-sequence -strict-formats -short-paths -keep-locs -warn-error -A -w -24 -g -g -I tests/type/avec_fonction/.avec_fonction_type.inline-tests/.avec_fonction_type.inline-tests.eobjs/byte -I tests/type/avec_fonction/.avec_fonction_type.inline-tests/.avec_fonction_type.inline-tests.eobjs/native -I /home/quentin/.opam/4.12.0/lib/base -I /home/quentin/.opam/4.12.0/lib/base/base_internalhash_types -I /home/quentin/.opam/4.12.0/lib/base/caml -I /home/quentin/.opam/4.12.0/lib/base/shadow_stdlib -I /home/quentin/.opam/4.12.0/lib/jane-street-headers -I /home/quentin/.opam/4.12.0/lib/ppx_compare/runtime-lib -I /home/quentin/.opam/4.12.0/lib/ppx_enumerate/runtime-lib -I /home/quentin/.opam/4.12.0/lib/ppx_expect/collector -I /home/quentin/.opam/4.12.0/lib/ppx_expect/common -I /home/quentin/.opam/4.12.0/lib/ppx_expect/config -I /home/quentin/.opam/4.12.0/lib/ppx_expect/config_types -I /home/quentin/.opam/4.12.0/lib/ppx_expect/evaluator -I /home/quentin/.opam/4.12.0/lib/ppx_expect/matcher -I /home/quentin/.opam/4.12.0/lib/ppx_hash/runtime-lib -I /home/quentin/.opam/4.12.0/lib/ppx_here/runtime-lib -I /home/quentin/.opam/4.12.0/lib/ppx_inline_test/config -I /home/quentin/.opam/4.12.0/lib/ppx_inline_test/runner/lib -I /home/quentin/.opam/4.12.0/lib/ppx_inline_test/runtime-lib -I /home/quentin/.opam/4.12.0/lib/ppx_sexp_conv/runtime-lib -I /home/quentin/.opam/4.12.0/lib/ppxlib/print_diff -I /home/quentin/.opam/4.12.0/lib/re -I /home/quentin/.opam/4.12.0/lib/seq -I /home/quentin/.opam/4.12.0/lib/sexplib0 -I /home/quentin/.opam/4.12.0/lib/stdio -I /home/quentin/.opam/4.12.0/lib/time_now -I .rat.objs/byte -I .rat.objs/native -I tests/type/avec_fonction/.avec_fonction_type.objs/byte -I tests/type/avec_fonction/.avec_fonction_type.objs/native -intf-suffix .ml-gen -no-alias-deps -o tests/type/avec_fonction/.avec_fonction_type.inline-tests/.avec_fonction_type.inline-tests.eobjs/native/dune__exe__Inline_test_runner_avec_fonction_type.cmx -c -impl tests/type/avec_fonction/.avec_fonction_type.inline-tests/inline_test_runner_avec_fonction_type.ml-gen)
$ (cd _build/default && /home/quentin/.opam/4.12.0/bin/ocamlopt.opt -w @1..3@5..28@30..39@43@46..47@49..57@61..62-40 -strict-sequence -strict-formats -short-paths -keep-locs -warn-error -A -w -24 -g -g -I tests/type/sans_fonction/.sans_fonction_type.inline-tests/.sans_fonction_type.inline-tests.eobjs/byte -I tests/type/sans_fonction/.sans_fonction_type.inline-tests/.sans_fonction_type.inline-tests.eobjs/native -I /home/quentin/.opam/4.12.0/lib/base -I /home/quentin/.opam/4.12.0/lib/base/base_internalhash_types -I /home/quentin/.opam/4.12.0/lib/base/caml -I /home/quentin/.opam/4.12.0/lib/base/shadow_stdlib -I /home/quentin/.opam/4.12.0/lib/jane-street-headers -I /home/quentin/.opam/4.12.0/lib/ppx_compare/runtime-lib -I /home/quentin/.opam/4.12.0/lib/ppx_enumerate/runtime-lib -I /home/quentin/.opam/4.12.0/lib/ppx_expect/collector -I /home/quentin/.opam/4.12.0/lib/ppx_expect/common -I /home/quentin/.opam/4.12.0/lib/ppx_expect/config -I /home/quentin/.opam/4.12.0/lib/ppx_expect/config_types -I /home/quentin/.opam/4.12.0/lib/ppx_expect/evaluator -I /home/quentin/.opam/4.12.0/lib/ppx_expect/matcher -I /home/quentin/.opam/4.12.0/lib/ppx_hash/runtime-lib -I /home/quentin/.opam/4.12.0/lib/ppx_here/runtime-lib -I /home/quentin/.opam/4.12.0/lib/ppx_inline_test/config -I /home/quentin/.opam/4.12.0/lib/ppx_inline_test/runner/lib -I /home/quentin/.opam/4.12.0/lib/ppx_inline_test/runtime-lib -I /home/quentin/.opam/4.12.0/lib/ppx_sexp_conv/runtime-lib -I /home/quentin/.opam/4.12.0/lib/ppxlib/print_diff -I /home/quentin/.opam/4.12.0/lib/re -I /home/quentin/.opam/4.12.0/lib/seq -I /home/quentin/.opam/4.12.0/lib/sexplib0 -I /home/quentin/.opam/4.12.0/lib/stdio -I /home/quentin/.opam/4.12.0/lib/time_now -I .rat.objs/byte -I .rat.objs/native -I tests/type/sans_fonction/.sans_fonction_type.objs/byte -I tests/type/sans_fonction/.sans_fonction_type.objs/native -intf-suffix .ml-gen -no-alias-deps -o tests/type/sans_fonction/.sans_fonction_type.inline-tests/.sans_fonction_type.inline-tests.eobjs/native/dune__exe__Inline_test_runner_sans_fonction_type.cmx -c -impl tests/type/sans_fonction/.sans_fonction_type.inline-tests/inline_test_runner_sans_fonction_type.ml-gen)
$ (cd _build/default && /home/quentin/.opam/4.12.0/bin/ocamlopt.opt -w @1..3@5..28@30..39@43@46..47@49..57@61..62-40 -strict-sequence -strict-formats -short-paths -keep-locs -warn-error -A -w -24 -g -g -o tests/type/avec_fonction/.avec_fonction_type.inline-tests/inline_test_runner_avec_fonction_type.exe /home/quentin/.opam/4.12.0/lib/ocaml/unix.cmxa -I /home/quentin/.opam/4.12.0/lib/ocaml /home/quentin/.opam/4.12.0/lib/ppx_inline_test/config/inline_test_config.cmxa /home/quentin/.opam/4.12.0/lib/base/base_internalhash_types/base_internalhash_types.cmxa -I /home/quentin/.opam/4.12.0/lib/base/base_internalhash_types /home/quentin/.opam/4.12.0/lib/base/caml/caml.cmxa /home/quentin/.opam/4.12.0/lib/sexplib0/sexplib0.cmxa /home/quentin/.opam/4.12.0/lib/base/shadow_stdlib/shadow_stdlib.cmxa /home/quentin/.opam/4.12.0/lib/base/base.cmxa -I /home/quentin/.opam/4.12.0/lib/base /home/quentin/.opam/4.12.0/lib/jane-street-headers/jane_street_headers.cmxa /home/quentin/.opam/4.12.0/lib/ppx_sexp_conv/runtime-lib/ppx_sexp_conv_lib.cmxa /home/quentin/.opam/4.12.0/lib/ppx_compare/runtime-lib/ppx_compare_lib.cmxa /home/quentin/.opam/4.12.0/lib/ppx_enumerate/runtime-lib/ppx_enumerate_lib.cmxa /home/quentin/.opam/4.12.0/lib/ppx_hash/runtime-lib/ppx_hash_lib.cmxa /home/quentin/.opam/4.12.0/lib/time_now/time_now.cmxa -I /home/quentin/.opam/4.12.0/lib/time_now /home/quentin/.opam/4.12.0/lib/ppx_inline_test/runtime-lib/ppx_inline_test_lib.cmxa /home/quentin/.opam/4.12.0/lib/ppx_here/runtime-lib/ppx_here_lib.cmxa /home/quentin/.opam/4.12.0/lib/ppx_expect/common/expect_test_common.cmxa /home/quentin/.opam/4.12.0/lib/ppx_expect/config_types/expect_test_config_types.cmxa /home/quentin/.opam/4.12.0/lib/ppx_expect/collector/expect_test_collector.cmxa -I /home/quentin/.opam/4.12.0/lib/ppx_expect/collector /home/quentin/.opam/4.12.0/lib/ppx_expect/config/expect_test_config.cmxa rat.cmxa tests/type/avec_fonction/avec_fonction_type.cmxa /home/quentin/.opam/4.12.0/lib/ppx_inline_test/runner/lib/ppx_inline_test_runner_lib.cmxa -I /home/quentin/.opam/4.12.0/lib/ppx_inline_test/runner/lib /home/quentin/.opam/4.12.0/lib/stdio/stdio.cmxa /home/quentin/.opam/4.12.0/lib/re/re.cmxa /home/quentin/.opam/4.12.0/lib/ppx_expect/matcher/expect_test_matcher.cmxa /home/quentin/.opam/4.12.0/lib/ppxlib/print_diff/ppxlib_print_diff.cmxa /home/quentin/.opam/4.12.0/lib/ppx_expect/evaluator/ppx_expect_evaluator.cmxa tests/type/avec_fonction/.avec_fonction_type.inline-tests/.avec_fonction_type.inline-tests.eobjs/native/dune__exe__Inline_test_runner_avec_fonction_type.cmx -linkall)
$ (cd _build/default/tests/type/avec_fonction && .avec_fonction_type.inline-tests/inline_test_runner_avec_fonction_type.exe inline-test-runner avec_fonction_type -source-tree-root ../../.. -diff-cmd -)
> File "tests/type/avec_fonction/test.ml", line 19, characters 0-78: test2 threw Rat.Exceptions.TypeInattendu(1, 3).
>   Raised at Rat__PasseTypeRat.analyse_type_expression in file "passeTypeRat.ml", line 24, characters 23-55
>   Called from Rat__PasseTypeRat.analyse_type_expression in file "passeTypeRat.ml", line 23, characters 20-46
>   Called from Rat__PasseTypeRat.analyse_type_instruction in file "passeTypeRat.ml", line 92, characters 19-44
>   Called from Stdlib__list.map in file "list.ml", line 92, characters 20-23
>   Called from Stdlib__list.map in file "list.ml", line 92, characters 32-39
>   Called from Rat__PasseTypeRat.analyse_type_bloc in file "passeTypeRat.ml" (inlined), line 104, characters 26-61
>   Called from Rat__PasseTypeRat.analyse_type_fonction in file "passeTypeRat.ml", line 127, characters 47-71
>   Called from Stdlib__list.map in file "list.ml", line 92, characters 20-23
>   Called from Rat__PasseTypeRat.analyser in file "passeTypeRat.ml", line 136, characters 11-54
>   Called from Rat__Compilateur.Compilateur.analyser in file "compilateur.ml", line 34, characters 16-35
>   Called from Rat__Compilateur.compiler in file "compilateur.ml", line 94, characters 28-57
>   Called from Avec_fonction_type__Test.(fun) in file "tests/type/avec_fonction/test.ml", line 20, characters 10-48
>
> File "tests/type/avec_fonction/test.ml", line 22, characters 0-88: testAppel1 threw Rat.Exceptions.TypeInattendu(3, 1).
>   Raised at Rat__PasseTypeRat.analyse_type_expression in file "passeTypeRat.ml", line 24, characters 23-55
>   Called from Rat__PasseTypeRat.analyse_type_instruction in file "passeTypeRat.ml", line 92, characters 19-44
>   Called from Stdlib__list.map in file "list.ml", line 92, characters 20-23
>   Called from Stdlib__list.map in file "list.ml", line 92, characters 32-39
>   Called from Rat__PasseTypeRat.analyse_type_bloc in file "passeTypeRat.ml" (inlined), line 104, characters 26-61
>   Called from Rat__PasseTypeRat.analyse_type_fonction in file "passeTypeRat.ml", line 127, characters 47-71
>   Called from Stdlib__list.map in file "list.ml", line 92, characters 20-23
>   Called from Rat__PasseTypeRat.analyser in file "passeTypeRat.ml", line 136, characters 11-54
>   Called from Rat__Compilateur.Compilateur.analyser in file "compilateur.ml", line 34, characters 16-35
>   Called from Rat__Compilateur.compiler in file "compilateur.ml", line 94, characters 28-57
>   Called from Avec_fonction_type__Test.(fun) in file "tests/type/avec_fonction/test.ml", line 23, characters 10-53
>
> File "tests/type/avec_fonction/test.ml", line 25, characters 0-88: testAppel2 threw Rat.Exceptions.TypeInattendu(3, 1).
>   Raised at Rat__PasseTypeRat.analyse_type_expression in file "passeTypeRat.ml", line 24, characters 23-55
>   Called from Rat__PasseTypeRat.analyse_type_instruction in file "passeTypeRat.ml", line 92, characters 19-44
>   Called from Stdlib__list.map in file "list.ml", line 92, characters 20-23
>   Called from Stdlib__list.map in file "list.ml", line 92, characters 32-39
>   Called from Rat__PasseTypeRat.analyse_type_bloc in file "passeTypeRat.ml" (inlined), line 104, characters 26-61
>   Called from Rat__PasseTypeRat.analyse_type_fonction in file "passeTypeRat.ml", line 127, characters 47-71
>   Called from Stdlib__list.map in file "list.ml", line 92, characters 20-23
>   Called from Rat__PasseTypeRat.analyser in file "passeTypeRat.ml", line 136, characters 11-54
>   Called from Rat__Compilateur.Compilateur.analyser in file "compilateur.ml", line 34, characters 16-35
>   Called from Rat__Compilateur.compiler in file "compilateur.ml", line 94, characters 28-57
>   Called from Avec_fonction_type__Test.(fun) in file "tests/type/avec_fonction/test.ml", line 26, characters 10-53
>
> File "tests/type/avec_fonction/test.ml", line 28, characters 0-88: testAppel3 threw Rat.Exceptions.TypeInattendu(3, 1).
>   Raised at Rat__PasseTypeRat.analyse_type_expression in file "passeTypeRat.ml", line 24, characters 23-55
>   Called from Rat__PasseTypeRat.analyse_type_instruction in file "passeTypeRat.ml", line 92, characters 19-44
>   Called from Stdlib__list.map in file "list.ml", line 92, characters 20-23
>   Called from Stdlib__list.map in file "list.ml", line 92, characters 32-39
>   Called from Rat__PasseTypeRat.analyse_type_bloc in file "passeTypeRat.ml" (inlined), line 104, characters 26-61
>   Called from Rat__PasseTypeRat.analyse_type_fonction in file "passeTypeRat.ml", line 127, characters 47-71
>   Called from Stdlib__list.map in file "list.ml", line 92, characters 20-23
>   Called from Rat__PasseTypeRat.analyser in file "passeTypeRat.ml", line 136, characters 11-54
>   Called from Rat__Compilateur.Compilateur.analyser in file "compilateur.ml", line 34, characters 16-35
>   Called from Rat__Compilateur.compiler in file "compilateur.ml", line 94, characters 28-57
>   Called from Avec_fonction_type__Test.(fun) in file "tests/type/avec_fonction/test.ml", line 29, characters 10-53
>
> File "tests/type/avec_fonction/test.ml", line 31, characters 0-88: testAppel4 threw Rat.Exceptions.TypeInattendu(3, 1).
>   Raised at Rat__PasseTypeRat.analyse_type_expression in file "passeTypeRat.ml", line 24, characters 23-55
>   Called from Rat__PasseTypeRat.analyse_type_instruction in file "passeTypeRat.ml", line 92, characters 19-44
>   Called from Stdlib__list.map in file "list.ml", line 92, characters 20-23
>   Called from Stdlib__list.map in file "list.ml", line 92, characters 32-39
>   Called from Rat__PasseTypeRat.analyse_type_bloc in file "passeTypeRat.ml" (inlined), line 104, characters 26-61
>   Called from Rat__PasseTypeRat.analyse_type_fonction in file "passeTypeRat.ml", line 127, characters 47-71
>   Called from Stdlib__list.map in file "list.ml", line 92, characters 20-23
>   Called from Rat__PasseTypeRat.analyser in file "passeTypeRat.ml", line 136, characters 11-54
>   Called from Rat__Compilateur.Compilateur.analyser in file "compilateur.ml", line 34, characters 16-35
>   Called from Rat__Compilateur.compiler in file "compilateur.ml", line 94, characters 28-57
>   Called from Avec_fonction_type__Test.(fun) in file "tests/type/avec_fonction/test.ml", line 32, characters 10-53
>
> File "tests/type/avec_fonction/test.ml", line 34, characters 0-88: testAppel5 threw Rat.Exceptions.TypeInattendu(3, 1).
>   Raised at Rat__PasseTypeRat.analyse_type_expression in file "passeTypeRat.ml", line 24, characters 23-55
>   Called from Rat__PasseTypeRat.analyse_type_instruction in file "passeTypeRat.ml", line 92, characters 19-44
>   Called from Stdlib__list.map in file "list.ml", line 92, characters 20-23
>   Called from Stdlib__list.map in file "list.ml", line 92, characters 32-39
>   Called from Rat__PasseTypeRat.analyse_type_bloc in file "passeTypeRat.ml" (inlined), line 104, characters 26-61
>   Called from Rat__PasseTypeRat.analyse_type_fonction in file "passeTypeRat.ml", line 127, characters 47-71
>   Called from Stdlib__list.map in file "list.ml", line 92, characters 20-23
>   Called from Rat__PasseTypeRat.analyser in file "passeTypeRat.ml", line 136, characters 11-54
>   Called from Rat__Compilateur.Compilateur.analyser in file "compilateur.ml", line 34, characters 16-35
>   Called from Rat__Compilateur.compiler in file "compilateur.ml", line 94, characters 28-57
>   Called from Avec_fonction_type__Test.(fun) in file "tests/type/avec_fonction/test.ml", line 35, characters 10-53
>
> File "tests/type/avec_fonction/test.ml", line 37, characters 0-167: testAppel6 threw Rat.Exceptions.TypeInattendu(3, 1).
>   Raised at Rat__PasseTypeRat.analyse_type_expression in file "passeTypeRat.ml", line 24, characters 23-55
>   Called from Rat__PasseTypeRat.analyse_type_instruction in file "passeTypeRat.ml", line 92, characters 19-44
>   Called from Stdlib__list.map in file "list.ml", line 92, characters 20-23
>   Called from Stdlib__list.map in file "list.ml", line 92, characters 32-39
>   Called from Rat__PasseTypeRat.analyse_type_bloc in file "passeTypeRat.ml" (inlined), line 104, characters 26-61
>   Called from Rat__PasseTypeRat.analyse_type_fonction in file "passeTypeRat.ml", line 127, characters 47-71
>   Called from Stdlib__list.map in file "list.ml", line 92, characters 20-23
>   Called from Rat__PasseTypeRat.analyser in file "passeTypeRat.ml", line 136, characters 11-54
>   Called from Rat__Compilateur.Compilateur.analyser in file "compilateur.ml", line 34, characters 16-35
>   Called from Rat__Compilateur.compiler in file "compilateur.ml", line 94, characters 28-57
>   Called from Avec_fonction_type__Test.(fun) in file "tests/type/avec_fonction/test.ml", line 39, characters 12-55
>
> File "tests/type/avec_fonction/test.ml", line 44, characters 0-167: testAppel7 threw Rat.Exceptions.TypeInattendu(3, 1).
>   Raised at Rat__PasseTypeRat.analyse_type_expression in file "passeTypeRat.ml", line 24, characters 23-55
>   Called from Rat__PasseTypeRat.analyse_type_instruction in file "passeTypeRat.ml", line 92, characters 19-44
>   Called from Stdlib__list.map in file "list.ml", line 92, characters 20-23
>   Called from Stdlib__list.map in file "list.ml", line 92, characters 32-39
>   Called from Rat__PasseTypeRat.analyse_type_bloc in file "passeTypeRat.ml" (inlined), line 104, characters 26-61
>   Called from Rat__PasseTypeRat.analyse_type_fonction in file "passeTypeRat.ml", line 127, characters 47-71
>   Called from Stdlib__list.map in file "list.ml", line 92, characters 20-23
>   Called from Rat__PasseTypeRat.analyser in file "passeTypeRat.ml", line 136, characters 11-54
>   Called from Rat__Compilateur.Compilateur.analyser in file "compilateur.ml", line 34, characters 16-35
>   Called from Rat__Compilateur.compiler in file "compilateur.ml", line 94, characters 28-57
>   Called from Avec_fonction_type__Test.(fun) in file "tests/type/avec_fonction/test.ml", line 46, characters 12-55
>
> File "tests/type/avec_fonction/test.ml", line 51, characters 0-167: testAppel8 threw Rat.Exceptions.TypeInattendu(3, 1).
>   Raised at Rat__PasseTypeRat.analyse_type_expression in file "passeTypeRat.ml", line 24, characters 23-55
>   Called from Rat__PasseTypeRat.analyse_type_instruction in file "passeTypeRat.ml", line 92, characters 19-44
>   Called from Stdlib__list.map in file "list.ml", line 92, characters 20-23
>   Called from Stdlib__list.map in file "list.ml", line 92, characters 32-39
>   Called from Rat__PasseTypeRat.analyse_type_bloc in file "passeTypeRat.ml" (inlined), line 104, characters 26-61
>   Called from Rat__PasseTypeRat.analyse_type_fonction in file "passeTypeRat.ml", line 127, characters 47-71
>   Called from Stdlib__list.map in file "list.ml", line 92, characters 20-23
>   Called from Rat__PasseTypeRat.analyser in file "passeTypeRat.ml", line 136, characters 11-54
>   Called from Rat__Compilateur.Compilateur.analyser in file "compilateur.ml", line 34, characters 16-35
>   Called from Rat__Compilateur.compiler in file "compilateur.ml", line 94, characters 28-57
>   Called from Avec_fonction_type__Test.(fun) in file "tests/type/avec_fonction/test.ml", line 53, characters 12-55
>
> File "tests/type/avec_fonction/test.ml", line 58, characters 0-167: testAppel9 threw Rat.Exceptions.TypeInattendu(3, 1).
>   Raised at Rat__PasseTypeRat.analyse_type_expression in file "passeTypeRat.ml", line 24, characters 23-55
>   Called from Rat__PasseTypeRat.analyse_type_instruction in file "passeTypeRat.ml", line 92, characters 19-44
>   Called from Stdlib__list.map in file "list.ml", line 92, characters 20-23
>   Called from Stdlib__list.map in file "list.ml", line 92, characters 32-39
>   Called from Rat__PasseTypeRat.analyse_type_bloc in file "passeTypeRat.ml" (inlined), line 104, characters 26-61
>   Called from Rat__PasseTypeRat.analyse_type_fonction in file "passeTypeRat.ml", line 127, characters 47-71
>   Called from Stdlib__list.map in file "list.ml", line 92, characters 20-23
>   Called from Rat__PasseTypeRat.analyser in file "passeTypeRat.ml", line 136, characters 11-54
>   Called from Rat__Compilateur.Compilateur.analyser in file "compilateur.ml", line 34, characters 16-35
>   Called from Rat__Compilateur.compiler in file "compilateur.ml", line 94, characters 28-57
>   Called from Avec_fonction_type__Test.(fun) in file "tests/type/avec_fonction/test.ml", line 60, characters 12-55
>
> File "tests/type/avec_fonction/test.ml", line 65, characters 0-170: testAppel10 threw Rat.Exceptions_identifiants.MauvaiseUtilisationIdentifiant("add1").
>   Raised at Rat__PasseTdsRat.analyse_tds_expression in file "passeTdsRat.ml", line 36, characters 32-96
>   Called from Rat__PasseTdsRat.analyse_tds_instruction in file "passeTdsRat.ml", line 67, characters 21-49
>   Called from Stdlib__list.map in file "list.ml", line 92, characters 20-23
>   Called from Rat__PasseTdsRat.analyser in file "passeTdsRat.ml", line 229, characters 11-41
>   Called from Rat__Compilateur.Compilateur.analyser in file "compilateur.ml", line 33, characters 15-32
>   Called from Rat__Compilateur.compiler in file "compilateur.ml", line 94, characters 28-57
>   Called from Avec_fonction_type__Test.(fun) in file "tests/type/avec_fonction/test.ml", line 67, characters 12-56
>
> File "tests/type/avec_fonction/test.ml", line 72, characters 0-170: testAppel11 threw Rat.Exceptions_identifiants.MauvaiseUtilisationIdentifiant("add1").
>   Raised at Rat__PasseTdsRat.analyse_tds_expression in file "passeTdsRat.ml", line 36, characters 32-96
>   Called from Rat__PasseTdsRat.analyse_tds_instruction in file "passeTdsRat.ml", line 67, characters 21-49
>   Called from Stdlib__list.map in file "list.ml", line 92, characters 20-23
>   Called from Rat__PasseTdsRat.analyser in file "passeTdsRat.ml", line 229, characters 11-41
>   Called from Rat__Compilateur.Compilateur.analyser in file "compilateur.ml", line 33, characters 15-32
>   Called from Rat__Compilateur.compiler in file "compilateur.ml", line 94, characters 28-57
>   Called from Avec_fonction_type__Test.(fun) in file "tests/type/avec_fonction/test.ml", line 74, characters 12-56
>
> File "tests/type/avec_fonction/test.ml", line 79, characters 0-165: testAppel12 threw Rat.Exceptions.TypeInattendu(3, 1).
>   Raised at Rat__PasseTypeRat.analyse_type_expression in file "passeTypeRat.ml", line 24, characters 23-55
>   Called from Rat__PasseTypeRat.analyse_type_instruction in file "passeTypeRat.ml", line 92, characters 19-44
>   Called from Stdlib__list.map in file "list.ml", line 92, characters 20-23
>   Called from Stdlib__list.map in file "list.ml", line 92, characters 32-39
>   Called from Rat__PasseTypeRat.analyse_type_bloc in file "passeTypeRat.ml" (inlined), line 104, characters 26-61
>   Called from Rat__PasseTypeRat.analyse_type_fonction in file "passeTypeRat.ml", line 127, characters 47-71
>   Called from Stdlib__list.map in file "list.ml", line 92, characters 20-23
>   Called from Rat__PasseTypeRat.analyser in file "passeTypeRat.ml", line 136, characters 11-54
>   Called from Rat__Compilateur.Compilateur.analyser in file "compilateur.ml", line 34, characters 16-35
>   Called from Rat__Compilateur.compiler in file "compilateur.ml", line 94, characters 28-57
>   Called from Avec_fonction_type__Test.(fun) in file "tests/type/avec_fonction/test.ml", line 81, characters 12-56
>
> File "tests/type/avec_fonction/test.ml", line 86, characters 0-164: testAppel13 threw Rat.Exceptions.TypeInattendu(3, 1).
>   Raised at Rat__PasseTypeRat.analyse_type_expression in file "passeTypeRat.ml", line 24, characters 23-55
>   Called from Rat__PasseTypeRat.analyse_type_instruction in file "passeTypeRat.ml", line 92, characters 19-44
>   Called from Stdlib__list.map in file "list.ml", line 92, characters 20-23
>   Called from Stdlib__list.map in file "list.ml", line 92, characters 32-39
>   Called from Rat__PasseTypeRat.analyse_type_bloc in file "passeTypeRat.ml" (inlined), line 104, characters 26-61
>   Called from Rat__PasseTypeRat.analyse_type_fonction in file "passeTypeRat.ml", line 127, characters 47-71
>   Called from Stdlib__list.map in file "list.ml", line 92, characters 20-23
>   Called from Rat__PasseTypeRat.analyser in file "passeTypeRat.ml", line 136, characters 11-54
>   Called from Rat__Compilateur.Compilateur.analyser in file "compilateur.ml", line 34, characters 16-35
>   Called from Rat__Compilateur.compiler in file "compilateur.ml", line 94, characters 28-57
>   Called from Avec_fonction_type__Test.(fun) in file "tests/type/avec_fonction/test.ml", line 88, characters 12-56
>
> File "tests/type/avec_fonction/test.ml", line 96, characters 0-181: testRetourFonction2 threw Rat.Exceptions.TypeInattendu(1, 0).
>   Raised at Rat__PasseTypeRat.analyse_type_instruction in file "passeTypeRat.ml", line 94, characters 51-78
>   Called from Stdlib__list.map in file "list.ml", line 92, characters 20-23
>   Called from Rat__PasseTypeRat.analyse_type_bloc in file "passeTypeRat.ml" (inlined), line 104, characters 26-61
>   Called from Rat__PasseTypeRat.analyse_type_fonction in file "passeTypeRat.ml", line 127, characters 47-71
>   Called from Stdlib__list.map in file "list.ml", line 92, characters 20-23
>   Called from Rat__PasseTypeRat.analyser in file "passeTypeRat.ml", line 136, characters 11-54
>   Called from Rat__Compilateur.Compilateur.analyser in file "compilateur.ml", line 34, characters 16-35
>   Called from Rat__Compilateur.compiler in file "compilateur.ml", line 94, characters 28-57
>   Called from Avec_fonction_type__Test.(fun) in file "tests/type/avec_fonction/test.ml", line 98, characters 12-64
>
> File "tests/type/avec_fonction/test.ml", line 103, characters 0-105: testRetourFonction3 threw Rat.Exceptions.TypeInattendu(3, 1).
>   Raised at Rat__PasseTypeRat.analyse_type_expression in file "passeTypeRat.ml", line 24, characters 23-55
>   Called from Rat__PasseTypeRat.analyse_type_instruction in file "passeTypeRat.ml", line 92, characters 19-44
>   Called from Stdlib__list.map in file "list.ml", line 92, characters 20-23
>   Called from Rat__PasseTypeRat.analyse_type_instruction in file "passeTypeRat.ml", line 88, characters 60-80
>   Called from Stdlib__list.map in file "list.ml", line 92, characters 20-23
>   Called from Stdlib__list.map in file "list.ml", line 92, characters 32-39
>   Called from Rat__PasseTypeRat.analyse_type_bloc in file "passeTypeRat.ml" (inlined), line 104, characters 26-61
>   Called from Rat__PasseTypeRat.analyse_type_fonction in file "passeTypeRat.ml", line 127, characters 47-71
>   Called from Stdlib__list.map in file "list.ml", line 92, characters 20-23
>   Called from Rat__PasseTypeRat.analyser in file "passeTypeRat.ml", line 136, characters 11-54
>   Called from Rat__Compilateur.Compilateur.analyser in file "compilateur.ml", line 34, characters 16-35
>   Called from Rat__Compilateur.compiler in file "compilateur.ml", line 94, characters 28-57
>   Called from Avec_fonction_type__Test.(fun) in file "tests/type/avec_fonction/test.ml", line 104, characters 10-62
>
> File "tests/type/avec_fonction/test.ml", line 106, characters 0-179: testRetourFonction4 threw Rat.Exceptions.TypeInattendu(1, 0).
>   Raised at Rat__PasseTypeRat.analyse_type_instruction in file "passeTypeRat.ml", line 94, characters 51-78
>   Called from Stdlib__list.map in file "list.ml", line 92, characters 20-23
>   Called from Rat__PasseTypeRat.analyse_type_instruction in file "passeTypeRat.ml", line 90, characters 53-72
>   Called from Stdlib__list.map in file "list.ml", line 92, characters 20-23
>   Called from Stdlib__list.map in file "list.ml", line 92, characters 32-39
>   Called from Rat__PasseTypeRat.analyse_type_bloc in file "passeTypeRat.ml" (inlined), line 104, characters 26-61
>   Called from Rat__PasseTypeRat.analyse_type_fonction in file "passeTypeRat.ml", line 127, characters 47-71
>   Called from Stdlib__list.map in file "list.ml", line 92, characters 20-23
>   Called from Rat__PasseTypeRat.analyser in file "passeTypeRat.ml", line 136, characters 11-54
>   Called from Rat__Compilateur.Compilateur.analyser in file "compilateur.ml", line 34, characters 16-35
>   Called from Rat__Compilateur.compiler in file "compilateur.ml", line 94, characters 28-57
>   Called from Avec_fonction_type__Test.(fun) in file "tests/type/avec_fonction/test.ml", line 108, characters 12-64
>
> File "tests/type/avec_fonction/test.ml", line 113, characters 0-114: testRecursiviteFonction threw Rat.Exceptions.TypeInattendu(3, 1).
>   Raised at Rat__PasseTypeRat.analyse_type_instruction in file "passeTypeRat.ml", line 78, characters 54-81
>   Called from Stdlib__list.map in file "list.ml", line 92, characters 20-23
>   Called from Rat__PasseTypeRat.analyse_type_instruction in file "passeTypeRat.ml", line 88, characters 82-102
>   Called from Stdlib__list.map in file "list.ml", line 92, characters 20-23
>   Called from Stdlib__list.map in file "list.ml", line 92, characters 32-39
>   Called from Rat__PasseTypeRat.analyse_type_bloc in file "passeTypeRat.ml" (inlined), line 104, characters 26-61
>   Called from Rat__PasseTypeRat.analyse_type_fonction in file "passeTypeRat.ml", line 127, characters 47-71
>   Called from Stdlib__list.map in file "list.ml", line 92, characters 20-23
>   Called from Rat__PasseTypeRat.analyser in file "passeTypeRat.ml", line 136, characters 11-54
>   Called from Rat__Compilateur.Compilateur.analyser in file "compilateur.ml", line 34, characters 16-35
>   Called from Rat__Compilateur.compiler in file "compilateur.ml", line 94, characters 28-57
>   Called from Avec_fonction_type__Test.(fun) in file "tests/type/avec_fonction/test.ml", line 114, characters 10-66
>
> File "tests/type/avec_fonction/test.ml", line 116, characters 0-76: test threw Rat.Exceptions.TypeInattendu(3, 1).
>   Raised at Rat__PasseTypeRat.analyse_type_instruction in file "passeTypeRat.ml", line 78, characters 54-81
>   Called from Stdlib__list.map in file "list.ml", line 92, characters 20-23
>   Called from Stdlib__list.map in file "list.ml", line 92, characters 32-39
>   Called from Rat__PasseTypeRat.analyse_type_bloc in file "passeTypeRat.ml" (inlined), line 104, characters 26-61
>   Called from Rat__PasseTypeRat.analyse_type_fonction in file "passeTypeRat.ml", line 127, characters 47-71
>   Called from Stdlib__list.map in file "list.ml", line 92, characters 20-23
>   Called from Rat__PasseTypeRat.analyser in file "passeTypeRat.ml", line 136, characters 11-54
>   Called from Rat__Compilateur.Compilateur.analyser in file "compilateur.ml", line 34, characters 16-35
>   Called from Rat__Compilateur.compiler in file "compilateur.ml", line 94, characters 28-57
>   Called from Avec_fonction_type__Test.(fun) in file "tests/type/avec_fonction/test.ml", line 117, characters 10-47
>
> File "tests/type/avec_fonction/test.ml", line 119, characters 0-88: code_factrec threw Rat.Exceptions.TypeInattendu(3, 1).
>   Raised at Rat__PasseTypeRat.analyse_type_instruction in file "passeTypeRat.ml", line 78, characters 54-81
>   Called from Stdlib__list.map in file "list.ml", line 92, characters 20-23
>   Called from Rat__PasseTypeRat.analyse_type_instruction in file "passeTypeRat.ml", line 88, characters 82-102
>   Called from Stdlib__list.map in file "list.ml", line 92, characters 20-23
>   Called from Stdlib__list.map in file "list.ml", line 92, characters 32-39
>   Called from Rat__PasseTypeRat.analyse_type_bloc in file "passeTypeRat.ml" (inlined), line 104, characters 26-61
>   Called from Rat__PasseTypeRat.analyse_type_fonction in file "passeTypeRat.ml", line 127, characters 47-71
>   Called from Stdlib__list.map in file "list.ml", line 92, characters 20-23
>   Called from Rat__PasseTypeRat.analyser in file "passeTypeRat.ml", line 136, characters 11-54
>   Called from Rat__Compilateur.Compilateur.analyser in file "compilateur.ml", line 34, characters 16-35
>   Called from Rat__Compilateur.compiler in file "compilateur.ml", line 94, characters 28-57
>   Called from Avec_fonction_type__Test.(fun) in file "tests/type/avec_fonction/test.ml", line 120, characters 8-50
>
> ../../../../../tests/tam/avec_fonction/fichiersRat/factrec.rat
> File "tests/type/avec_fonction/test.ml", line 141, characters 0-138: all_tam threw Rat.Exceptions.TypeInattendu(3, 1).
>   Raised at Rat__PasseTypeRat.analyse_type_instruction in file "passeTypeRat.ml", line 78, characters 54-81
>   Called from Stdlib__list.map in file "list.ml", line 92, characters 20-23
>   Called from Rat__PasseTypeRat.analyse_type_instruction in file "passeTypeRat.ml", line 88, characters 82-102
>   Called from Stdlib__list.map in file "list.ml", line 92, characters 20-23
>   Called from Stdlib__list.map in file "list.ml", line 92, characters 32-39
>   Called from Rat__PasseTypeRat.analyse_type_bloc in file "passeTypeRat.ml" (inlined), line 104, characters 26-61
>   Called from Rat__PasseTypeRat.analyse_type_fonction in file "passeTypeRat.ml", line 127, characters 47-71
>   Called from Stdlib__list.map in file "list.ml", line 92, characters 20-23
>   Called from Rat__PasseTypeRat.analyser in file "passeTypeRat.ml", line 136, characters 11-54
>   Called from Rat__Compilateur.Compilateur.analyser in file "compilateur.ml", line 34, characters 16-35
>   Called from Rat__Compilateur.compiler in file "compilateur.ml", line 94, characters 28-57
>   Called from Avec_fonction_type__Test.test in file "tests/type/avec_fonction/test.ml", line 134, characters 15-37
>   Re-raised at Avec_fonction_type__Test.test in file "tests/type/avec_fonction/test.ml", line 135, characters 59-66
>   Called from Avec_fonction_type__Test.(fun) in file "tests/type/avec_fonction/test.ml", line 144, characters 2-14
>
> FAILED 21 / 22 tests
[2]
$ (cd _build/default && /home/quentin/.opam/4.12.0/bin/ocamlopt.opt -w @1..3@5..28@30..39@43@46..47@49..57@61..62-40 -strict-sequence -strict-formats -short-paths -keep-locs -warn-error -A -w -24 -g -g -o tests/type/sans_fonction/.sans_fonction_type.inline-tests/inline_test_runner_sans_fonction_type.exe /home/quentin/.opam/4.12.0/lib/ocaml/unix.cmxa -I /home/quentin/.opam/4.12.0/lib/ocaml /home/quentin/.opam/4.12.0/lib/ppx_inline_test/config/inline_test_config.cmxa /home/quentin/.opam/4.12.0/lib/base/base_internalhash_types/base_internalhash_types.cmxa -I /home/quentin/.opam/4.12.0/lib/base/base_internalhash_types /home/quentin/.opam/4.12.0/lib/base/caml/caml.cmxa /home/quentin/.opam/4.12.0/lib/sexplib0/sexplib0.cmxa /home/quentin/.opam/4.12.0/lib/base/shadow_stdlib/shadow_stdlib.cmxa /home/quentin/.opam/4.12.0/lib/base/base.cmxa -I /home/quentin/.opam/4.12.0/lib/base /home/quentin/.opam/4.12.0/lib/jane-street-headers/jane_street_headers.cmxa /home/quentin/.opam/4.12.0/lib/ppx_sexp_conv/runtime-lib/ppx_sexp_conv_lib.cmxa /home/quentin/.opam/4.12.0/lib/ppx_compare/runtime-lib/ppx_compare_lib.cmxa /home/quentin/.opam/4.12.0/lib/ppx_enumerate/runtime-lib/ppx_enumerate_lib.cmxa /home/quentin/.opam/4.12.0/lib/ppx_hash/runtime-lib/ppx_hash_lib.cmxa /home/quentin/.opam/4.12.0/lib/time_now/time_now.cmxa -I /home/quentin/.opam/4.12.0/lib/time_now /home/quentin/.opam/4.12.0/lib/ppx_inline_test/runtime-lib/ppx_inline_test_lib.cmxa /home/quentin/.opam/4.12.0/lib/ppx_here/runtime-lib/ppx_here_lib.cmxa /home/quentin/.opam/4.12.0/lib/ppx_expect/common/expect_test_common.cmxa /home/quentin/.opam/4.12.0/lib/ppx_expect/config_types/expect_test_config_types.cmxa /home/quentin/.opam/4.12.0/lib/ppx_expect/collector/expect_test_collector.cmxa -I /home/quentin/.opam/4.12.0/lib/ppx_expect/collector /home/quentin/.opam/4.12.0/lib/ppx_expect/config/expect_test_config.cmxa rat.cmxa tests/type/sans_fonction/sans_fonction_type.cmxa /home/quentin/.opam/4.12.0/lib/ppx_inline_test/runner/lib/ppx_inline_test_runner_lib.cmxa -I /home/quentin/.opam/4.12.0/lib/ppx_inline_test/runner/lib /home/quentin/.opam/4.12.0/lib/stdio/stdio.cmxa /home/quentin/.opam/4.12.0/lib/re/re.cmxa /home/quentin/.opam/4.12.0/lib/ppx_expect/matcher/expect_test_matcher.cmxa /home/quentin/.opam/4.12.0/lib/ppxlib/print_diff/ppxlib_print_diff.cmxa /home/quentin/.opam/4.12.0/lib/ppx_expect/evaluator/ppx_expect_evaluator.cmxa tests/type/sans_fonction/.sans_fonction_type.inline-tests/.sans_fonction_type.inline-tests.eobjs/native/dune__exe__Inline_test_runner_sans_fonction_type.cmx -linkall)
$ (cd _build/default && /home/quentin/.opam/4.12.0/bin/ocamlopt.opt -w @1..3@5..28@30..39@43@46..47@49..57@61..62-40 -strict-sequence -strict-formats -short-paths -keep-locs -warn-error -A -w -24 -g -g -o tests/type/.type.inline-tests/inline_test_runner_type.exe /home/quentin/.opam/4.12.0/lib/ocaml/unix.cmxa -I /home/quentin/.opam/4.12.0/lib/ocaml /home/quentin/.opam/4.12.0/lib/ppx_inline_test/config/inline_test_config.cmxa /home/quentin/.opam/4.12.0/lib/base/base_internalhash_types/base_internalhash_types.cmxa -I /home/quentin/.opam/4.12.0/lib/base/base_internalhash_types /home/quentin/.opam/4.12.0/lib/base/caml/caml.cmxa /home/quentin/.opam/4.12.0/lib/sexplib0/sexplib0.cmxa /home/quentin/.opam/4.12.0/lib/base/shadow_stdlib/shadow_stdlib.cmxa /home/quentin/.opam/4.12.0/lib/base/base.cmxa -I /home/quentin/.opam/4.12.0/lib/base /home/quentin/.opam/4.12.0/lib/jane-street-headers/jane_street_headers.cmxa /home/quentin/.opam/4.12.0/lib/ppx_sexp_conv/runtime-lib/ppx_sexp_conv_lib.cmxa /home/quentin/.opam/4.12.0/lib/ppx_compare/runtime-lib/ppx_compare_lib.cmxa /home/quentin/.opam/4.12.0/lib/ppx_enumerate/runtime-lib/ppx_enumerate_lib.cmxa /home/quentin/.opam/4.12.0/lib/ppx_hash/runtime-lib/ppx_hash_lib.cmxa /home/quentin/.opam/4.12.0/lib/time_now/time_now.cmxa -I /home/quentin/.opam/4.12.0/lib/time_now /home/quentin/.opam/4.12.0/lib/ppx_inline_test/runtime-lib/ppx_inline_test_lib.cmxa /home/quentin/.opam/4.12.0/lib/ppx_here/runtime-lib/ppx_here_lib.cmxa /home/quentin/.opam/4.12.0/lib/ppx_expect/common/expect_test_common.cmxa /home/quentin/.opam/4.12.0/lib/ppx_expect/config_types/expect_test_config_types.cmxa /home/quentin/.opam/4.12.0/lib/ppx_expect/collector/expect_test_collector.cmxa -I /home/quentin/.opam/4.12.0/lib/ppx_expect/collector /home/quentin/.opam/4.12.0/lib/ppx_expect/config/expect_test_config.cmxa rat.cmxa tests/type/type.cmxa /home/quentin/.opam/4.12.0/lib/ppx_inline_test/runner/lib/ppx_inline_test_runner_lib.cmxa -I /home/quentin/.opam/4.12.0/lib/ppx_inline_test/runner/lib /home/quentin/.opam/4.12.0/lib/stdio/stdio.cmxa /home/quentin/.opam/4.12.0/lib/re/re.cmxa /home/quentin/.opam/4.12.0/lib/ppx_expect/matcher/expect_test_matcher.cmxa /home/quentin/.opam/4.12.0/lib/ppxlib/print_diff/ppxlib_print_diff.cmxa /home/quentin/.opam/4.12.0/lib/ppx_expect/evaluator/ppx_expect_evaluator.cmxa tests/type/.type.inline-tests/.type.inline-tests.eobjs/native/dune__exe__Inline_test_runner_type.cmx -linkall)
$ (cd _build/default/tests/type && .type.inline-tests/inline_test_runner_type.exe inline-test-runner type -source-tree-root ../.. -diff-cmd -)
$ (cd _build/default/tests/type/sans_fonction && .sans_fonction_type.inline-tests/inline_test_runner_sans_fonction_type.exe inline-test-runner sans_fonction_type -source-tree-root ../../.. -diff-cmd -)
> File "tests/type/sans_fonction/test.ml", line 22, characters 0-100: testDeclaration2 threw Rat.Exceptions.TypeInattendu(2, 1).
>   Raised at Rat__PasseTypeRat.analyse_type_instruction in file "passeTypeRat.ml", line 74, characters 55-83
>   Called from Stdlib__list.map in file "list.ml", line 92, characters 20-23
>   Called from Rat__PasseTypeRat.analyse_type_bloc in file "passeTypeRat.ml" (inlined), line 104, characters 26-61
>   Called from Rat__PasseTypeRat.analyser in file "passeTypeRat.ml", line 137, characters 11-34
>   Called from Rat__Compilateur.Compilateur.analyser in file "compilateur.ml", line 34, characters 16-35
>   Called from Rat__Compilateur.compiler in file "compilateur.ml", line 94, characters 28-57
>   Called from Sans_fonction_type__Test.(fun) in file "tests/type/sans_fonction/test.ml", line 23, characters 10-59
>
> File "tests/type/sans_fonction/test.ml", line 28, characters 0-176: testDeclaration4 threw Rat.Exceptions.TypeInattendu(1, 0).
>   Raised at Rat__PasseTypeRat.analyse_type_instruction in file "passeTypeRat.ml", line 74, characters 55-83
>   Called from Stdlib__list.map in file "list.ml", line 92, characters 20-23
>   Called from Rat__PasseTypeRat.analyse_type_bloc in file "passeTypeRat.ml" (inlined), line 104, characters 26-61
>   Called from Rat__PasseTypeRat.analyser in file "passeTypeRat.ml", line 137, characters 11-34
>   Called from Rat__Compilateur.Compilateur.analyser in file "compilateur.ml", line 34, characters 16-35
>   Called from Rat__Compilateur.compiler in file "compilateur.ml", line 94, characters 28-57
>   Called from Sans_fonction_type__Test.(fun) in file "tests/type/sans_fonction/test.ml", line 30, characters 12-61
>
> File "tests/type/sans_fonction/test.ml", line 35, characters 0-175: testDeclaration5 threw Rat.Exceptions.TypeInattendu(2, 0).
>   Raised at Rat__PasseTypeRat.analyse_type_instruction in file "passeTypeRat.ml", line 74, characters 55-83
>   Called from Stdlib__list.map in file "list.ml", line 92, characters 20-23
>   Called from Rat__PasseTypeRat.analyse_type_bloc in file "passeTypeRat.ml" (inlined), line 104, characters 26-61
>   Called from Rat__PasseTypeRat.analyser in file "passeTypeRat.ml", line 137, characters 11-34
>   Called from Rat__Compilateur.Compilateur.analyser in file "compilateur.ml", line 34, characters 16-35
>   Called from Rat__Compilateur.compiler in file "compilateur.ml", line 94, characters 28-57
>   Called from Sans_fonction_type__Test.(fun) in file "tests/type/sans_fonction/test.ml", line 37, characters 12-61
>
> File "tests/type/sans_fonction/test.ml", line 42, characters 0-175: testDeclaration6 threw Rat.Exceptions.TypeInattendu(0, 1).
>   Raised at Rat__PasseTypeRat.analyse_type_instruction in file "passeTypeRat.ml", line 74, characters 55-83
>   Called from Stdlib__list.map in file "list.ml", line 92, characters 20-23
>   Called from Rat__PasseTypeRat.analyse_type_bloc in file "passeTypeRat.ml" (inlined), line 104, characters 26-61
>   Called from Rat__PasseTypeRat.analyser in file "passeTypeRat.ml", line 137, characters 11-34
>   Called from Rat__Compilateur.Compilateur.analyser in file "compilateur.ml", line 34, characters 16-35
>   Called from Rat__Compilateur.compiler in file "compilateur.ml", line 94, characters 28-57
>   Called from Sans_fonction_type__Test.(fun) in file "tests/type/sans_fonction/test.ml", line 44, characters 12-61
>
> File "tests/type/sans_fonction/test.ml", line 49, characters 0-174: testDeclaration7 threw Rat.Exceptions.TypeInattendu(2, 1).
>   Raised at Rat__PasseTypeRat.analyse_type_instruction in file "passeTypeRat.ml", line 74, characters 55-83
>   Called from Stdlib__list.map in file "list.ml", line 92, characters 20-23
>   Called from Rat__PasseTypeRat.analyse_type_bloc in file "passeTypeRat.ml" (inlined), line 104, characters 26-61
>   Called from Rat__PasseTypeRat.analyser in file "passeTypeRat.ml", line 137, characters 11-34
>   Called from Rat__Compilateur.Compilateur.analyser in file "compilateur.ml", line 34, characters 16-35
>   Called from Rat__Compilateur.compiler in file "compilateur.ml", line 94, characters 28-57
>   Called from Sans_fonction_type__Test.(fun) in file "tests/type/sans_fonction/test.ml", line 51, characters 12-61
>
> File "tests/type/sans_fonction/test.ml", line 56, characters 0-174: testDeclaration8 threw Sans_fonction_type.Test.ErreurNonDetectee.
>   Raised at Sans_fonction_type__Test.(fun) in file "tests/type/sans_fonction/test.ml", line 59, characters 7-30
>
> File "tests/type/sans_fonction/test.ml", line 63, characters 0-175: testDeclaration9 threw Rat.Exceptions.TypeInattendu(0, 1).
>   Raised at Rat__PasseTypeRat.analyse_type_instruction in file "passeTypeRat.ml", line 74, characters 55-83
>   Called from Stdlib__list.map in file "list.ml", line 92, characters 20-23
>   Called from Rat__PasseTypeRat.analyse_type_bloc in file "passeTypeRat.ml" (inlined), line 104, characters 26-61
>   Called from Rat__PasseTypeRat.analyser in file "passeTypeRat.ml", line 137, characters 11-34
>   Called from Rat__Compilateur.Compilateur.analyser in file "compilateur.ml", line 34, characters 16-35
>   Called from Rat__Compilateur.compiler in file "compilateur.ml", line 94, characters 28-57
>   Called from Sans_fonction_type__Test.(fun) in file "tests/type/sans_fonction/test.ml", line 65, characters 12-61
>
> File "tests/type/sans_fonction/test.ml", line 70, characters 0-100: testAffectation1 threw Rat.Exceptions.TypeInattendu(3, 1).
>   Raised at Rat__PasseTypeRat.analyse_type_instruction in file "passeTypeRat.ml", line 78, characters 54-81
>   Called from Stdlib__list.map in file "list.ml", line 92, characters 20-23
>   Called from Stdlib__list.map in file "list.ml", line 92, characters 32-39
>   Called from Rat__PasseTypeRat.analyse_type_bloc in file "passeTypeRat.ml" (inlined), line 104, characters 26-61
>   Called from Rat__PasseTypeRat.analyser in file "passeTypeRat.ml", line 137, characters 11-34
>   Called from Rat__Compilateur.Compilateur.analyser in file "compilateur.ml", line 34, characters 16-35
>   Called from Rat__Compilateur.compiler in file "compilateur.ml", line 94, characters 28-57
>   Called from Sans_fonction_type__Test.(fun) in file "tests/type/sans_fonction/test.ml", line 71, characters 10-59
>
> File "tests/type/sans_fonction/test.ml", line 73, characters 0-100: testAffectation2 threw Rat.Exceptions.TypeInattendu(3, 0).
>   Raised at Rat__PasseTypeRat.analyse_type_instruction in file "passeTypeRat.ml", line 78, characters 54-81
>   Called from Stdlib__list.map in file "list.ml", line 92, characters 20-23
>   Called from Stdlib__list.map in file "list.ml", line 92, characters 32-39
>   Called from Rat__PasseTypeRat.analyse_type_bloc in file "passeTypeRat.ml" (inlined), line 104, characters 26-61
>   Called from Rat__PasseTypeRat.analyser in file "passeTypeRat.ml", line 137, characters 11-34
>   Called from Rat__Compilateur.Compilateur.analyser in file "compilateur.ml", line 34, characters 16-35
>   Called from Rat__Compilateur.compiler in file "compilateur.ml", line 94, characters 28-57
>   Called from Sans_fonction_type__Test.(fun) in file "tests/type/sans_fonction/test.ml", line 74, characters 10-59
>
> File "tests/type/sans_fonction/test.ml", line 76, characters 0-100: testAffectation3 threw Rat.Exceptions.TypeInattendu(2, 1).
>   Raised at Rat__PasseTypeRat.analyse_type_instruction in file "passeTypeRat.ml", line 74, characters 55-83
>   Called from Stdlib__list.map in file "list.ml", line 92, characters 20-23
>   Called from Rat__PasseTypeRat.analyse_type_bloc in file "passeTypeRat.ml" (inlined), line 104, characters 26-61
>   Called from Rat__PasseTypeRat.analyser in file "passeTypeRat.ml", line 137, characters 11-34
>   Called from Rat__Compilateur.Compilateur.analyser in file "compilateur.ml", line 34, characters 16-35
>   Called from Rat__Compilateur.compiler in file "compilateur.ml", line 94, characters 28-57
>   Called from Sans_fonction_type__Test.(fun) in file "tests/type/sans_fonction/test.ml", line 77, characters 10-59
>
> File "tests/type/sans_fonction/test.ml", line 79, characters 0-174: testAffectation4 threw Rat.Exceptions.TypeInattendu(2, 1).
>   Raised at Rat__PasseTypeRat.analyse_type_instruction in file "passeTypeRat.ml", line 74, characters 55-83
>   Called from Stdlib__list.map in file "list.ml", line 92, characters 20-23
>   Called from Rat__PasseTypeRat.analyse_type_bloc in file "passeTypeRat.ml" (inlined), line 104, characters 26-61
>   Called from Rat__PasseTypeRat.analyser in file "passeTypeRat.ml", line 137, characters 11-34
>   Called from Rat__Compilateur.Compilateur.analyser in file "compilateur.ml", line 34, characters 16-35
>   Called from Rat__Compilateur.compiler in file "compilateur.ml", line 94, characters 28-57
>   Called from Sans_fonction_type__Test.(fun) in file "tests/type/sans_fonction/test.ml", line 81, characters 12-61
>
> File "tests/type/sans_fonction/test.ml", line 86, characters 0-175: testAffectation5 threw Rat.Exceptions.TypeInattendu(3, 0).
>   Raised at Rat__PasseTypeRat.analyse_type_instruction in file "passeTypeRat.ml", line 78, characters 54-81
>   Called from Stdlib__list.map in file "list.ml", line 92, characters 20-23
>   Called from Stdlib__list.map in file "list.ml", line 92, characters 32-39
>   Called from Rat__PasseTypeRat.analyse_type_bloc in file "passeTypeRat.ml" (inlined), line 104, characters 26-61
>   Called from Rat__PasseTypeRat.analyser in file "passeTypeRat.ml", line 137, characters 11-34
>   Called from Rat__Compilateur.Compilateur.analyser in file "compilateur.ml", line 34, characters 16-35
>   Called from Rat__Compilateur.compiler in file "compilateur.ml", line 94, characters 28-57
>   Called from Sans_fonction_type__Test.(fun) in file "tests/type/sans_fonction/test.ml", line 88, characters 12-61
>
> File "tests/type/sans_fonction/test.ml", line 93, characters 0-175: testAffectation6 threw Rat.Exceptions.TypeInattendu(2, 1).
>   Raised at Rat__PasseTypeRat.analyse_type_instruction in file "passeTypeRat.ml", line 74, characters 55-83
>   Called from Stdlib__list.map in file "list.ml", line 92, characters 20-23
>   Called from Rat__PasseTypeRat.analyse_type_bloc in file "passeTypeRat.ml" (inlined), line 104, characters 26-61
>   Called from Rat__PasseTypeRat.analyser in file "passeTypeRat.ml", line 137, characters 11-34
>   Called from Rat__Compilateur.Compilateur.analyser in file "compilateur.ml", line 34, characters 16-35
>   Called from Rat__Compilateur.compiler in file "compilateur.ml", line 94, characters 28-57
>   Called from Sans_fonction_type__Test.(fun) in file "tests/type/sans_fonction/test.ml", line 95, characters 12-61
>
> File "tests/type/sans_fonction/test.ml", line 100, characters 0-174: testAffectation7 threw Rat.Exceptions.TypeInattendu(3, 1).
>   Raised at Rat__PasseTypeRat.analyse_type_instruction in file "passeTypeRat.ml", line 78, characters 54-81
>   Called from Stdlib__list.map in file "list.ml", line 92, characters 20-23
>   Called from Stdlib__list.map in file "list.ml", line 92, characters 32-39
>   Called from Rat__PasseTypeRat.analyse_type_bloc in file "passeTypeRat.ml" (inlined), line 104, characters 26-61
>   Called from Rat__PasseTypeRat.analyser in file "passeTypeRat.ml", line 137, characters 11-34
>   Called from Rat__Compilateur.Compilateur.analyser in file "compilateur.ml", line 34, characters 16-35
>   Called from Rat__Compilateur.compiler in file "compilateur.ml", line 94, characters 28-57
>   Called from Sans_fonction_type__Test.(fun) in file "tests/type/sans_fonction/test.ml", line 102, characters 12-61
>
> File "tests/type/sans_fonction/test.ml", line 107, characters 0-175: testAffectation8 threw Rat.Exceptions.TypeInattendu(3, 1).
>   Raised at Rat__PasseTypeRat.analyse_type_instruction in file "passeTypeRat.ml", line 78, characters 54-81
>   Called from Stdlib__list.map in file "list.ml", line 92, characters 20-23
>   Called from Stdlib__list.map in file "list.ml", line 92, characters 32-39
>   Called from Rat__PasseTypeRat.analyse_type_bloc in file "passeTypeRat.ml" (inlined), line 104, characters 26-61
>   Called from Rat__PasseTypeRat.analyser in file "passeTypeRat.ml", line 137, characters 11-34
>   Called from Rat__Compilateur.Compilateur.analyser in file "compilateur.ml", line 34, characters 16-35
>   Called from Rat__Compilateur.compiler in file "compilateur.ml", line 94, characters 28-57
>   Called from Sans_fonction_type__Test.(fun) in file "tests/type/sans_fonction/test.ml", line 109, characters 12-61
>
> File "tests/type/sans_fonction/test.ml", line 114, characters 0-175: testAffectation9 threw Rat.Exceptions.TypeInattendu(3, 1).
>   Raised at Rat__PasseTypeRat.analyse_type_instruction in file "passeTypeRat.ml", line 78, characters 54-81
>   Called from Stdlib__list.map in file "list.ml", line 92, characters 20-23
>   Called from Stdlib__list.map in file "list.ml", line 92, characters 32-39
>   Called from Rat__PasseTypeRat.analyse_type_bloc in file "passeTypeRat.ml" (inlined), line 104, characters 26-61
>   Called from Rat__PasseTypeRat.analyser in file "passeTypeRat.ml", line 137, characters 11-34
>   Called from Rat__Compilateur.Compilateur.analyser in file "compilateur.ml", line 34, characters 16-35
>   Called from Rat__Compilateur.compiler in file "compilateur.ml", line 94, characters 28-57
>   Called from Sans_fonction_type__Test.(fun) in file "tests/type/sans_fonction/test.ml", line 116, characters 12-61
>
> File "tests/type/sans_fonction/test.ml", line 124, characters 0-181: testConditionnelle2 threw Sans_fonction_type.Test.ErreurNonDetectee.
>   Raised at Sans_fonction_type__Test.(fun) in file "tests/type/sans_fonction/test.ml", line 127, characters 7-30
>
> File "tests/type/sans_fonction/test.ml", line 131, characters 0-181: testConditionnelle3 threw Sans_fonction_type.Test.ErreurNonDetectee.
>   Raised at Sans_fonction_type__Test.(fun) in file "tests/type/sans_fonction/test.ml", line 134, characters 7-30
>
> File "tests/type/sans_fonction/test.ml", line 141, characters 0-181: testConditionnelle5 threw Sans_fonction_type.Test.ErreurNonDetectee.
>   Raised at Sans_fonction_type__Test.(fun) in file "tests/type/sans_fonction/test.ml", line 144, characters 7-30
>
> File "tests/type/sans_fonction/test.ml", line 148, characters 0-181: testConditionnelle6 threw Rat.Exceptions.TypeInattendu(2, 1).
>   Raised at Rat__PasseTypeRat.analyse_type_instruction in file "passeTypeRat.ml", line 74, characters 55-83
>   Called from Stdlib__list.map in file "list.ml", line 92, characters 20-23
>   Called from Rat__PasseTypeRat.analyse_type_bloc in file "passeTypeRat.ml" (inlined), line 104, characters 26-61
>   Called from Rat__PasseTypeRat.analyser in file "passeTypeRat.ml", line 137, characters 11-34
>   Called from Rat__Compilateur.Compilateur.analyser in file "compilateur.ml", line 34, characters 16-35
>   Called from Rat__Compilateur.compiler in file "compilateur.ml", line 94, characters 28-57
>   Called from Sans_fonction_type__Test.(fun) in file "tests/type/sans_fonction/test.ml", line 150, characters 12-64
>
> File "tests/type/sans_fonction/test.ml", line 158, characters 0-173: testRepetition2 threw Sans_fonction_type.Test.ErreurNonDetectee.
>   Raised at Sans_fonction_type__Test.(fun) in file "tests/type/sans_fonction/test.ml", line 161, characters 7-30
>
> File "tests/type/sans_fonction/test.ml", line 165, characters 0-173: testRepetition3 threw Sans_fonction_type.Test.ErreurNonDetectee.
>   Raised at Sans_fonction_type__Test.(fun) in file "tests/type/sans_fonction/test.ml", line 168, characters 7-30
>
> File "tests/type/sans_fonction/test.ml", line 175, characters 0-173: testRepetition5 threw Sans_fonction_type.Test.ErreurNonDetectee.
>   Raised at Sans_fonction_type__Test.(fun) in file "tests/type/sans_fonction/test.ml", line 178, characters 7-30
>
> File "tests/type/sans_fonction/test.ml", line 182, characters 0-173: testRepetition6 threw Rat.Exceptions.TypeInattendu(2, 1).
>   Raised at Rat__PasseTypeRat.analyse_type_instruction in file "passeTypeRat.ml", line 74, characters 55-83
>   Called from Stdlib__list.map in file "list.ml", line 92, characters 20-23
>   Called from Rat__PasseTypeRat.analyse_type_bloc in file "passeTypeRat.ml" (inlined), line 104, characters 26-61
>   Called from Rat__PasseTypeRat.analyser in file "passeTypeRat.ml", line 137, characters 11-34
>   Called from Rat__Compilateur.Compilateur.analyser in file "compilateur.ml", line 34, characters 16-35
>   Called from Rat__Compilateur.compiler in file "compilateur.ml", line 94, characters 28-57
>   Called from Sans_fonction_type__Test.(fun) in file "tests/type/sans_fonction/test.ml", line 184, characters 12-60
>
> File "tests/type/sans_fonction/test.ml", line 198, characters 0-96: testRationnel1 threw Rat.Exceptions.TypeInattendu(2, 1).
>   Raised at Rat__PasseTypeRat.analyse_type_instruction in file "passeTypeRat.ml", line 74, characters 55-83
>   Called from Stdlib__list.map in file "list.ml", line 92, characters 20-23
>   Called from Rat__PasseTypeRat.analyse_type_bloc in file "passeTypeRat.ml" (inlined), line 104, characters 26-61
>   Called from Rat__PasseTypeRat.analyser in file "passeTypeRat.ml", line 137, characters 11-34
>   Called from Rat__Compilateur.Compilateur.analyser in file "compilateur.ml", line 34, characters 16-35
>   Called from Rat__Compilateur.compiler in file "compilateur.ml", line 94, characters 28-57
>   Called from Sans_fonction_type__Test.(fun) in file "tests/type/sans_fonction/test.ml", line 199, characters 10-57
>
> File "tests/type/sans_fonction/test.ml", line 201, characters 0-96: testRationnel2 threw Rat.Exceptions.TypeInattendu(1, 3).
>   Raised at Rat__PasseTypeRat.analyse_type_expression in file "passeTypeRat.ml", line 24, characters 23-55
>   Called from Rat__PasseTypeRat.analyse_type_instruction in file "passeTypeRat.ml", line 73, characters 20-45
>   Called from Stdlib__list.map in file "list.ml", line 92, characters 20-23
>   Called from Stdlib__list.map in file "list.ml", line 92, characters 32-39
>   Called from Stdlib__list.map in file "list.ml", line 92, characters 32-39
>   Called from Rat__PasseTypeRat.analyse_type_bloc in file "passeTypeRat.ml" (inlined), line 104, characters 26-61
>   Called from Rat__PasseTypeRat.analyser in file "passeTypeRat.ml", line 137, characters 11-34
>   Called from Rat__Compilateur.Compilateur.analyser in file "compilateur.ml", line 34, characters 16-35
>   Called from Rat__Compilateur.compiler in file "compilateur.ml", line 94, characters 28-57
>   Called from Sans_fonction_type__Test.(fun) in file "tests/type/sans_fonction/test.ml", line 202, characters 10-57
>
> File "tests/type/sans_fonction/test.ml", line 204, characters 0-179: testRationnel3 threw Rat.Exceptions.TypeInattendu(2, 1).
>   Raised at Rat__PasseTypeRat.analyse_type_instruction in file "passeTypeRat.ml", line 74, characters 55-83
>   Called from Stdlib__list.map in file "list.ml", line 92, characters 20-23
>   Called from Rat__PasseTypeRat.analyse_type_bloc in file "passeTypeRat.ml" (inlined), line 104, characters 26-61
>   Called from Rat__PasseTypeRat.analyser in file "passeTypeRat.ml", line 137, characters 11-34
>   Called from Rat__Compilateur.Compilateur.analyser in file "compilateur.ml", line 34, characters 16-35
>   Called from Rat__Compilateur.compiler in file "compilateur.ml", line 94, characters 28-57
>   Called from Sans_fonction_type__Test.(fun) in file "tests/type/sans_fonction/test.ml", line 206, characters 12-59
>
> File "tests/type/sans_fonction/test.ml", line 211, characters 0-180: testRationnel4 threw Rat.Exceptions.TypeInattendu(0, 1).
>   Raised at Rat__PasseTypeRat.analyse_type_expression in file "passeTypeRat.ml", line 24, characters 23-55
>   Called from Rat__PasseTypeRat.analyse_type_instruction in file "passeTypeRat.ml", line 73, characters 20-45
>   Called from Stdlib__list.map in file "list.ml", line 92, characters 20-23
>   Called from Rat__PasseTypeRat.analyse_type_bloc in file "passeTypeRat.ml" (inlined), line 104, characters 26-61
>   Called from Rat__PasseTypeRat.analyser in file "passeTypeRat.ml", line 137, characters 11-34
>   Called from Rat__Compilateur.Compilateur.analyser in file "compilateur.ml", line 34, characters 16-35
>   Called from Rat__Compilateur.compiler in file "compilateur.ml", line 94, characters 28-57
>   Called from Sans_fonction_type__Test.(fun) in file "tests/type/sans_fonction/test.ml", line 213, characters 12-59
>
> File "tests/type/sans_fonction/test.ml", line 218, characters 0-170: testRationnel5 threw Sans_fonction_type.Test.ErreurNonDetectee.
>   Raised at Sans_fonction_type__Test.(fun) in file "tests/type/sans_fonction/test.ml", line 221, characters 7-30
>
> File "tests/type/sans_fonction/test.ml", line 225, characters 0-98: testNumerateur1 threw Rat.Exceptions.TypeInattendu(2, 1).
>   Raised at Rat__PasseTypeRat.analyse_type_expression in file "passeTypeRat.ml", line 41, characters 11-42
>   Called from Rat__PasseTypeRat.analyse_type_instruction in file "passeTypeRat.ml", line 73, characters 20-45
>   Called from Stdlib__list.map in file "list.ml", line 92, characters 20-23
>   Called from Rat__PasseTypeRat.analyse_type_bloc in file "passeTypeRat.ml" (inlined), line 104, characters 26-61
>   Called from Rat__PasseTypeRat.analyser in file "passeTypeRat.ml", line 137, characters 11-34
>   Called from Rat__Compilateur.Compilateur.analyser in file "compilateur.ml", line 34, characters 16-35
>   Called from Rat__Compilateur.compiler in file "compilateur.ml", line 94, characters 28-57
>   Called from Sans_fonction_type__Test.(fun) in file "tests/type/sans_fonction/test.ml", line 226, characters 10-58
>
> File "tests/type/sans_fonction/test.ml", line 228, characters 0-98: testNumerateur2 threw Rat.Exceptions.TypeInattendu(2, 1).
>   Raised at Rat__PasseTypeRat.analyse_type_instruction in file "passeTypeRat.ml", line 74, characters 55-83
>   Called from Stdlib__list.map in file "list.ml", line 92, characters 20-23
>   Called from Rat__PasseTypeRat.analyse_type_bloc in file "passeTypeRat.ml" (inlined), line 104, characters 26-61
>   Called from Rat__PasseTypeRat.analyser in file "passeTypeRat.ml", line 137, characters 11-34
>   Called from Rat__Compilateur.Compilateur.analyser in file "compilateur.ml", line 34, characters 16-35
>   Called from Rat__Compilateur.compiler in file "compilateur.ml", line 94, characters 28-57
>   Called from Sans_fonction_type__Test.(fun) in file "tests/type/sans_fonction/test.ml", line 229, characters 10-58
>
> File "tests/type/sans_fonction/test.ml", line 231, characters 0-173: testNumerateur3 threw Rat.Exceptions.TypeInattendu(2, 0).
>   Raised at Rat__PasseTypeRat.analyse_type_expression in file "passeTypeRat.ml", line 41, characters 11-42
>   Called from Rat__PasseTypeRat.analyse_type_instruction in file "passeTypeRat.ml", line 73, characters 20-45
>   Called from Stdlib__list.map in file "list.ml", line 92, characters 20-23
>   Called from Rat__PasseTypeRat.analyse_type_bloc in file "passeTypeRat.ml" (inlined), line 104, characters 26-61
>   Called from Rat__PasseTypeRat.analyser in file "passeTypeRat.ml", line 137, characters 11-34
>   Called from Rat__Compilateur.Compilateur.analyser in file "compilateur.ml", line 34, characters 16-35
>   Called from Rat__Compilateur.compiler in file "compilateur.ml", line 94, characters 28-57
>   Called from Sans_fonction_type__Test.(fun) in file "tests/type/sans_fonction/test.ml", line 233, characters 12-60
>
> File "tests/type/sans_fonction/test.ml", line 238, characters 0-172: testNumerateur4 threw Rat.Exceptions.TypeInattendu(2, 1).
>   Raised at Rat__PasseTypeRat.analyse_type_expression in file "passeTypeRat.ml", line 41, characters 11-42
>   Called from Rat__PasseTypeRat.analyse_type_instruction in file "passeTypeRat.ml", line 73, characters 20-45
>   Called from Stdlib__list.map in file "list.ml", line 92, characters 20-23
>   Called from Rat__PasseTypeRat.analyse_type_bloc in file "passeTypeRat.ml" (inlined), line 104, characters 26-61
>   Called from Rat__PasseTypeRat.analyser in file "passeTypeRat.ml", line 137, characters 11-34
>   Called from Rat__Compilateur.Compilateur.analyser in file "compilateur.ml", line 34, characters 16-35
>   Called from Rat__Compilateur.compiler in file "compilateur.ml", line 94, characters 28-57
>   Called from Sans_fonction_type__Test.(fun) in file "tests/type/sans_fonction/test.ml", line 240, characters 12-60
>
> File "tests/type/sans_fonction/test.ml", line 245, characters 0-173: testNumerateur5 threw Rat.Exceptions.TypeInattendu(2, 1).
>   Raised at Rat__PasseTypeRat.analyse_type_expression in file "passeTypeRat.ml", line 41, characters 11-42
>   Called from Rat__PasseTypeRat.analyse_type_instruction in file "passeTypeRat.ml", line 73, characters 20-45
>   Called from Stdlib__list.map in file "list.ml", line 92, characters 20-23
>   Called from Rat__PasseTypeRat.analyse_type_bloc in file "passeTypeRat.ml" (inlined), line 104, characters 26-61
>   Called from Rat__PasseTypeRat.analyser in file "passeTypeRat.ml", line 137, characters 11-34
>   Called from Rat__Compilateur.Compilateur.analyser in file "compilateur.ml", line 34, characters 16-35
>   Called from Rat__Compilateur.compiler in file "compilateur.ml", line 94, characters 28-57
>   Called from Sans_fonction_type__Test.(fun) in file "tests/type/sans_fonction/test.ml", line 247, characters 12-60
>
> File "tests/type/sans_fonction/test.ml", line 252, characters 0-102: testDenominateur1 threw Rat.Exceptions.TypeInattendu(2, 1).
>   Raised at Rat__PasseTypeRat.analyse_type_expression in file "passeTypeRat.ml", line 41, characters 11-42
>   Called from Rat__PasseTypeRat.analyse_type_instruction in file "passeTypeRat.ml", line 73, characters 20-45
>   Called from Stdlib__list.map in file "list.ml", line 92, characters 20-23
>   Called from Rat__PasseTypeRat.analyse_type_bloc in file "passeTypeRat.ml" (inlined), line 104, characters 26-61
>   Called from Rat__PasseTypeRat.analyser in file "passeTypeRat.ml", line 137, characters 11-34
>   Called from Rat__Compilateur.Compilateur.analyser in file "compilateur.ml", line 34, characters 16-35
>   Called from Rat__Compilateur.compiler in file "compilateur.ml", line 94, characters 28-57
>   Called from Sans_fonction_type__Test.(fun) in file "tests/type/sans_fonction/test.ml", line 253, characters 10-60
>
> File "tests/type/sans_fonction/test.ml", line 255, characters 0-102: testDenominateur2 threw Rat.Exceptions.TypeInattendu(2, 1).
>   Raised at Rat__PasseTypeRat.analyse_type_instruction in file "passeTypeRat.ml", line 74, characters 55-83
>   Called from Stdlib__list.map in file "list.ml", line 92, characters 20-23
>   Called from Rat__PasseTypeRat.analyse_type_bloc in file "passeTypeRat.ml" (inlined), line 104, characters 26-61
>   Called from Rat__PasseTypeRat.analyser in file "passeTypeRat.ml", line 137, characters 11-34
>   Called from Rat__Compilateur.Compilateur.analyser in file "compilateur.ml", line 34, characters 16-35
>   Called from Rat__Compilateur.compiler in file "compilateur.ml", line 94, characters 28-57
>   Called from Sans_fonction_type__Test.(fun) in file "tests/type/sans_fonction/test.ml", line 256, characters 10-60
>
> File "tests/type/sans_fonction/test.ml", line 258, characters 0-177: testDenominateur3 threw Rat.Exceptions.TypeInattendu(2, 0).
>   Raised at Rat__PasseTypeRat.analyse_type_expression in file "passeTypeRat.ml", line 41, characters 11-42
>   Called from Rat__PasseTypeRat.analyse_type_instruction in file "passeTypeRat.ml", line 73, characters 20-45
>   Called from Stdlib__list.map in file "list.ml", line 92, characters 20-23
>   Called from Rat__PasseTypeRat.analyse_type_bloc in file "passeTypeRat.ml" (inlined), line 104, characters 26-61
>   Called from Rat__PasseTypeRat.analyser in file "passeTypeRat.ml", line 137, characters 11-34
>   Called from Rat__Compilateur.Compilateur.analyser in file "compilateur.ml", line 34, characters 16-35
>   Called from Rat__Compilateur.compiler in file "compilateur.ml", line 94, characters 28-57
>   Called from Sans_fonction_type__Test.(fun) in file "tests/type/sans_fonction/test.ml", line 260, characters 12-62
>
> File "tests/type/sans_fonction/test.ml", line 265, characters 0-176: testDenominateur4 threw Rat.Exceptions.TypeInattendu(2, 1).
>   Raised at Rat__PasseTypeRat.analyse_type_expression in file "passeTypeRat.ml", line 41, characters 11-42
>   Called from Rat__PasseTypeRat.analyse_type_instruction in file "passeTypeRat.ml", line 73, characters 20-45
>   Called from Stdlib__list.map in file "list.ml", line 92, characters 20-23
>   Called from Rat__PasseTypeRat.analyse_type_bloc in file "passeTypeRat.ml" (inlined), line 104, characters 26-61
>   Called from Rat__PasseTypeRat.analyser in file "passeTypeRat.ml", line 137, characters 11-34
>   Called from Rat__Compilateur.Compilateur.analyser in file "compilateur.ml", line 34, characters 16-35
>   Called from Rat__Compilateur.compiler in file "compilateur.ml", line 94, characters 28-57
>   Called from Sans_fonction_type__Test.(fun) in file "tests/type/sans_fonction/test.ml", line 267, characters 12-62
>
> File "tests/type/sans_fonction/test.ml", line 272, characters 0-177: testDenominateur5 threw Rat.Exceptions.TypeInattendu(2, 1).
>   Raised at Rat__PasseTypeRat.analyse_type_expression in file "passeTypeRat.ml", line 41, characters 11-42
>   Called from Rat__PasseTypeRat.analyse_type_instruction in file "passeTypeRat.ml", line 73, characters 20-45
>   Called from Stdlib__list.map in file "list.ml", line 92, characters 20-23
>   Called from Rat__PasseTypeRat.analyse_type_bloc in file "passeTypeRat.ml" (inlined), line 104, characters 26-61
>   Called from Rat__PasseTypeRat.analyser in file "passeTypeRat.ml", line 137, characters 11-34
>   Called from Rat__Compilateur.Compilateur.analyser in file "compilateur.ml", line 34, characters 16-35
>   Called from Rat__Compilateur.compiler in file "compilateur.ml", line 94, characters 28-57
>   Called from Sans_fonction_type__Test.(fun) in file "tests/type/sans_fonction/test.ml", line 274, characters 12-62
>
> File "tests/type/sans_fonction/test.ml", line 279, characters 0-88: testIdent1 threw Rat.Exceptions.TypeInattendu(1, 3).
>   Raised at Rat__PasseTypeRat.analyse_type_instruction in file "passeTypeRat.ml", line 74, characters 55-83
>   Called from Stdlib__list.map in file "list.ml", line 92, characters 20-23
>   Called from Stdlib__list.map in file "list.ml", line 92, characters 32-39
>   Called from Rat__PasseTypeRat.analyse_type_bloc in file "passeTypeRat.ml" (inlined), line 104, characters 26-61
>   Called from Rat__PasseTypeRat.analyser in file "passeTypeRat.ml", line 137, characters 11-34
>   Called from Rat__Compilateur.Compilateur.analyser in file "compilateur.ml", line 34, characters 16-35
>   Called from Rat__Compilateur.compiler in file "compilateur.ml", line 94, characters 28-57
>   Called from Sans_fonction_type__Test.(fun) in file "tests/type/sans_fonction/test.ml", line 280, characters 10-53
>
> File "tests/type/sans_fonction/test.ml", line 282, characters 0-88: testIdent2 threw Rat.Exceptions.TypeInattendu(0, 3).
>   Raised at Rat__PasseTypeRat.analyse_type_instruction in file "passeTypeRat.ml", line 74, characters 55-83
>   Called from Stdlib__list.map in file "list.ml", line 92, characters 20-23
>   Called from Stdlib__list.map in file "list.ml", line 92, characters 32-39
>   Called from Rat__PasseTypeRat.analyse_type_bloc in file "passeTypeRat.ml" (inlined), line 104, characters 26-61
>   Called from Rat__PasseTypeRat.analyser in file "passeTypeRat.ml", line 137, characters 11-34
>   Called from Rat__Compilateur.Compilateur.analyser in file "compilateur.ml", line 34, characters 16-35
>   Called from Rat__Compilateur.compiler in file "compilateur.ml", line 94, characters 28-57
>   Called from Sans_fonction_type__Test.(fun) in file "tests/type/sans_fonction/test.ml", line 283, characters 10-53
>
> File "tests/type/sans_fonction/test.ml", line 285, characters 0-88: testIdent3 threw Rat.Exceptions.TypeInattendu(2, 1).
>   Raised at Rat__PasseTypeRat.analyse_type_instruction in file "passeTypeRat.ml", line 74, characters 55-83
>   Called from Stdlib__list.map in file "list.ml", line 92, characters 20-23
>   Called from Rat__PasseTypeRat.analyse_type_bloc in file "passeTypeRat.ml" (inlined), line 104, characters 26-61
>   Called from Rat__PasseTypeRat.analyser in file "passeTypeRat.ml", line 137, characters 11-34
>   Called from Rat__Compilateur.Compilateur.analyser in file "compilateur.ml", line 34, characters 16-35
>   Called from Rat__Compilateur.compiler in file "compilateur.ml", line 94, characters 28-57
>   Called from Sans_fonction_type__Test.(fun) in file "tests/type/sans_fonction/test.ml", line 286, characters 10-53
>
> File "tests/type/sans_fonction/test.ml", line 295, characters 0-163: testIdent5 threw Rat.Exceptions.TypeInattendu(2, 1).
>   Raised at Rat__PasseTypeRat.analyse_type_instruction in file "passeTypeRat.ml", line 74, characters 55-83
>   Called from Stdlib__list.map in file "list.ml", line 92, characters 20-23
>   Called from Rat__PasseTypeRat.analyse_type_bloc in file "passeTypeRat.ml" (inlined), line 104, characters 26-61
>   Called from Rat__PasseTypeRat.analyser in file "passeTypeRat.ml", line 137, characters 11-34
>   Called from Rat__Compilateur.Compilateur.analyser in file "compilateur.ml", line 34, characters 16-35
>   Called from Rat__Compilateur.compiler in file "compilateur.ml", line 94, characters 28-57
>   Called from Sans_fonction_type__Test.(fun) in file "tests/type/sans_fonction/test.ml", line 297, characters 12-55
>
> File "tests/type/sans_fonction/test.ml", line 302, characters 0-163: testIdent6 threw Rat.Exceptions.TypeInattendu(0, 3).
>   Raised at Rat__PasseTypeRat.analyse_type_instruction in file "passeTypeRat.ml", line 74, characters 55-83
>   Called from Stdlib__list.map in file "list.ml", line 92, characters 20-23
>   Called from Stdlib__list.map in file "list.ml", line 92, characters 32-39
>   Called from Rat__PasseTypeRat.analyse_type_bloc in file "passeTypeRat.ml" (inlined), line 104, characters 26-61
>   Called from Rat__PasseTypeRat.analyser in file "passeTypeRat.ml", line 137, characters 11-34
>   Called from Rat__Compilateur.Compilateur.analyser in file "compilateur.ml", line 34, characters 16-35
>   Called from Rat__Compilateur.compiler in file "compilateur.ml", line 94, characters 28-57
>   Called from Sans_fonction_type__Test.(fun) in file "tests/type/sans_fonction/test.ml", line 304, characters 12-55
>
> File "tests/type/sans_fonction/test.ml", line 309, characters 0-162: testIdent7 threw Rat.Exceptions.TypeInattendu(2, 3).
>   Raised at Rat__PasseTypeRat.analyse_type_instruction in file "passeTypeRat.ml", line 74, characters 55-83
>   Called from Stdlib__list.map in file "list.ml", line 92, characters 20-23
>   Called from Stdlib__list.map in file "list.ml", line 92, characters 32-39
>   Called from Rat__PasseTypeRat.analyse_type_bloc in file "passeTypeRat.ml" (inlined), line 104, characters 26-61
>   Called from Rat__PasseTypeRat.analyser in file "passeTypeRat.ml", line 137, characters 11-34
>   Called from Rat__Compilateur.Compilateur.analyser in file "compilateur.ml", line 34, characters 16-35
>   Called from Rat__Compilateur.compiler in file "compilateur.ml", line 94, characters 28-57
>   Called from Sans_fonction_type__Test.(fun) in file "tests/type/sans_fonction/test.ml", line 311, characters 12-55
>
> File "tests/type/sans_fonction/test.ml", line 316, characters 0-163: testIdent8 threw Rat.Exceptions.TypeInattendu(2, 3).
>   Raised at Rat__PasseTypeRat.analyse_type_instruction in file "passeTypeRat.ml", line 74, characters 55-83
>   Called from Stdlib__list.map in file "list.ml", line 92, characters 20-23
>   Called from Stdlib__list.map in file "list.ml", line 92, characters 32-39
>   Called from Rat__PasseTypeRat.analyse_type_bloc in file "passeTypeRat.ml" (inlined), line 104, characters 26-61
>   Called from Rat__PasseTypeRat.analyser in file "passeTypeRat.ml", line 137, characters 11-34
>   Called from Rat__Compilateur.Compilateur.analyser in file "compilateur.ml", line 34, characters 16-35
>   Called from Rat__Compilateur.compiler in file "compilateur.ml", line 94, characters 28-57
>   Called from Sans_fonction_type__Test.(fun) in file "tests/type/sans_fonction/test.ml", line 318, characters 12-55
>
> File "tests/type/sans_fonction/test.ml", line 323, characters 0-163: testIdent9 threw Rat.Exceptions.TypeInattendu(1, 3).
>   Raised at Rat__PasseTypeRat.analyse_type_instruction in file "passeTypeRat.ml", line 74, characters 55-83
>   Called from Stdlib__list.map in file "list.ml", line 92, characters 20-23
>   Called from Stdlib__list.map in file "list.ml", line 92, characters 32-39
>   Called from Rat__PasseTypeRat.analyse_type_bloc in file "passeTypeRat.ml" (inlined), line 104, characters 26-61
>   Called from Rat__PasseTypeRat.analyser in file "passeTypeRat.ml", line 137, characters 11-34
>   Called from Rat__Compilateur.Compilateur.analyser in file "compilateur.ml", line 34, characters 16-35
>   Called from Rat__Compilateur.compiler in file "compilateur.ml", line 94, characters 28-57
>   Called from Sans_fonction_type__Test.(fun) in file "tests/type/sans_fonction/test.ml", line 325, characters 12-55
>
> File "tests/type/sans_fonction/test.ml", line 333, characters 0-96: testOperation2 threw Rat.Exceptions.TypeInattendu(2, 1).
>   Raised at Rat__PasseTypeRat.analyse_type_instruction in file "passeTypeRat.ml", line 74, characters 55-83
>   Called from Stdlib__list.map in file "list.ml", line 92, characters 20-23
>   Called from Rat__PasseTypeRat.analyse_type_bloc in file "passeTypeRat.ml" (inlined), line 104, characters 26-61
>   Called from Rat__PasseTypeRat.analyser in file "passeTypeRat.ml", line 137, characters 11-34
>   Called from Rat__Compilateur.Compilateur.analyser in file "compilateur.ml", line 34, characters 16-35
>   Called from Rat__Compilateur.compiler in file "compilateur.ml", line 94, characters 28-57
>   Called from Sans_fonction_type__Test.(fun) in file "tests/type/sans_fonction/test.ml", line 334, characters 10-57
>
> File "tests/type/sans_fonction/test.ml", line 343, characters 0-183: testOperation4 threw Sans_fonction_type.Test.ErreurNonDetectee.
>   Raised at Sans_fonction_type__Test.(fun) in file "tests/type/sans_fonction/test.ml", line 346, characters 7-30
>
> File "tests/type/sans_fonction/test.ml", line 359, characters 0-96: testOperation8 threw Rat.Exceptions.TypeInattendu(2, 1).
>   Raised at Rat__PasseTypeRat.analyse_type_instruction in file "passeTypeRat.ml", line 74, characters 55-83
>   Called from Stdlib__list.map in file "list.ml", line 92, characters 20-23
>   Called from Rat__PasseTypeRat.analyse_type_bloc in file "passeTypeRat.ml" (inlined), line 104, characters 26-61
>   Called from Rat__PasseTypeRat.analyser in file "passeTypeRat.ml", line 137, characters 11-34
>   Called from Rat__Compilateur.Compilateur.analyser in file "compilateur.ml", line 34, characters 16-35
>   Called from Rat__Compilateur.compiler in file "compilateur.ml", line 94, characters 28-57
>   Called from Sans_fonction_type__Test.(fun) in file "tests/type/sans_fonction/test.ml", line 360, characters 10-57
>
> File "tests/type/sans_fonction/test.ml", line 369, characters 0-185: testOperation10 threw Sans_fonction_type.Test.ErreurNonDetectee.
>   Raised at Sans_fonction_type__Test.(fun) in file "tests/type/sans_fonction/test.ml", line 372, characters 7-30
>
> ../../../../../tests/tam/sans_fonction/fichiersRat/testnum.rat
> File "tests/type/sans_fonction/test.ml", line 406, characters 0-138: all_tam threw Rat.Exceptions.TypeInattendu(2, 1).
>   Raised at Rat__PasseTypeRat.analyse_type_instruction in file "passeTypeRat.ml", line 74, characters 55-83
>   Called from Stdlib__list.map in file "list.ml", line 92, characters 20-23
>   Called from Rat__PasseTypeRat.analyse_type_bloc in file "passeTypeRat.ml" (inlined), line 104, characters 26-61
>   Called from Rat__PasseTypeRat.analyser in file "passeTypeRat.ml", line 137, characters 11-34
>   Called from Rat__Compilateur.Compilateur.analyser in file "compilateur.ml", line 34, characters 16-35
>   Called from Rat__Compilateur.compiler in file "compilateur.ml", line 94, characters 28-57
>   Called from Sans_fonction_type__Test.test in file "tests/type/sans_fonction/test.ml", line 399, characters 15-37
>   Re-raised at Sans_fonction_type__Test.test in file "tests/type/sans_fonction/test.ml", line 400, characters 59-66
>   Called from Sans_fonction_type__Test.test in file "tests/type/sans_fonction/test.ml", line 403, characters 4-16
>   Called from Sans_fonction_type__Test.test in file "tests/type/sans_fonction/test.ml", line 403, characters 4-16
>   Called from Sans_fonction_type__Test.test in file "tests/type/sans_fonction/test.ml", line 403, characters 4-16
>   Called from Sans_fonction_type__Test.test in file "tests/type/sans_fonction/test.ml", line 403, characters 4-16
>   Called from Sans_fonction_type__Test.(fun) in file "tests/type/sans_fonction/test.ml", line 409, characters 2-14
>
> FAILED 52 / 70 tests
[2]
